[35m[Appium][39m Welcome to Appium v1.22.3
[35m[Appium][39m Non-default server args:
[35m[Appium][39m   port: 55787
[35m[Appium][39m   loglevel: info
[35m[Appium][39m   tmpDir: C:\Users\adria\AppData\Local\Temp\\Katalon\Appium\Temp1685529144075
[35m[Appium][39m   chromedriverPort: 55788
[35m[Appium][39m Deprecated server args:
[35m[Appium][39m   [31m--chromedriver-port[39m => --default-capabilities
[35m[Appium][39m Default capabilities, which will be added to each request unless overridden by desired capabilities:
[35m[Appium][39m   chromedriverPort: 55788
[35m[Appium][39m Appium REST http interface listener started on 0.0.0.0:55787
[35m[HTTP][39m [37m-->[39m [37mGET[39m [37m/wd/hub/status[39m
[35m[HTTP][39m [90m{}[39m
[35m[HTTP][39m [37m<-- GET /wd/hub/status [39m[32m200[39m [90m8 ms - 68[39m
[35m[HTTP][39m [90m[39m
[35m[HTTP][39m [37m-->[39m [37mGET[39m [37m/wd/hub/status[39m
[35m[HTTP][39m [90m{}[39m
[35m[HTTP][39m [37m<-- GET /wd/hub/status [39m[32m200[39m [90m1 ms - 68[39m
[35m[HTTP][39m [90m[39m
[35m[HTTP][39m [37m-->[39m [37mPOST[39m [37m/wd/hub/session[39m
[35m[HTTP][39m [90m{"desiredCapabilities":{"appActivity":".Settings","appPackage":"com.android.settings","newCommandTimeout":1800,"platformVersion":"13","automationName":"uiautomator2","autoGrantPermissions":true,"platformName":"Android","udid":"RR8T201QMEP","deviceName":"samsung SM-A325F (Android 13)","platform":"ANDROID","systemPort":8264},"capabilities":{"firstMatch":[{"appium:appActivity":".Settings","appium:appPackage":"com.android.settings","appium:autoGrantPermissions":true,"appium:automationName":"uiautomator2","appium:deviceName":"samsung SM-A325F (Android 13)","appium:newCommandTimeout":1800,"platform":"ANDROID","platformName":"android","appium:platformVersion":"13","appium:systemPort":8264,"appium:udid":"RR8T201QMEP"}]}}[39m
[35m[BaseDriver][39m The following capabilities are not standard capabilities and should have an extension prefix:
[35m[BaseDriver][39m   platform
[35m[BaseDriver][39m   chromedriverPort
[35m[Appium][39m Appium v1.22.3 creating new AndroidUiautomator2Driver (v1.70.1) session
[35m[BaseDriver][39m The following capabilities were provided, but are not recognized by Appium:
[35m[BaseDriver][39m   platform
[35m[BaseDriver][39m Session created with session id: d757ec01-91e3-40b3-a1b6-439d317bbca7
[35m[UiAutomator2][39m Starting 'com.android.settings' directly on the device
[35m[ADB][39m Found 1 'build-tools' folders under 'C:\Users\adria\.katalon\tools\android_sdk' (newest first):
[35m[ADB][39m     C:/Users/adria/.katalon/tools/android_sdk/build-tools/29.0.3
[35m[ADB][39m Using 'adb.exe' from 'C:\Users\adria\.katalon\tools\android_sdk\platform-tools\adb.exe'
[35m[AndroidDriver][39m Retrieving device list
[35m[AndroidDriver][39m Using device: RR8T201QMEP
[35m[ADB][39m Using 'adb.exe' from 'C:\Users\adria\.katalon\tools\android_sdk\platform-tools\adb.exe'
[35m[ADB][39m Getting device platform version
[35m[UiAutomator2][39m Relaxing hidden api policy
[35m[AndroidDriver][39m No app sent in, not parsing package/activity
[35m[ADB][39m Using 'apksigner.jar' from 'C:\Users\adria\.katalon\tools\android_sdk\build-tools\29.0.3\lib\apksigner.jar'
[35m[ADB][39m 'C:\Users\adria\AppData\Roaming\npm\node_modules\appium\node_modules\appium-uiautomator2-server\apks\appium-uiautomator2-server-v4.27.0.apk' is signed with the default certificate
[35m[ADB][39m 'C:\Users\adria\AppData\Roaming\npm\node_modules\appium\node_modules\appium-uiautomator2-server\apks\appium-uiautomator2-server-debug-androidTest.apk' is signed with the default certificate
[35m[UiAutomator2][39m Server packages are not going to be (re)installed
[35m[ADB][39m Adding packages ["io.appium.settings","io.appium.uiautomator2.server","io.appium.uiautomator2.server.test"] to Doze whitelist
[35m[ADB][39m com.android.settings contains no permissions available for granting
[35m[UiAutomator2][39m Starting UIAutomator2 server 4.27.0
[35m[UiAutomator2][39m Using UIAutomator2 server from 'C:\Users\adria\AppData\Roaming\npm\node_modules\appium\node_modules\appium-uiautomator2-server\apks\appium-uiautomator2-server-v4.27.0.apk' and test from 'C:\Users\adria\AppData\Roaming\npm\node_modules\appium\node_modules\appium-uiautomator2-server\apks\appium-uiautomator2-server-debug-androidTest.apk'
[35m[UiAutomator2][39m Waiting up to 30000ms for UiAutomator2 to be online...
[35m[WD Proxy][39m socket hang up
[35m[WD Proxy][39m socket hang up
[35m[WD Proxy][39m socket hang up
[35m[WD Proxy][39m Determined the downstream protocol as 'W3C'
[35m[AndroidDriver][39m Screen already unlocked, doing nothing
[35m[UiAutomator2][39m Starting 'com.android.settings/.Settings and waiting for 'com.android.settings/.Settings'
[35m[Appium][39m New AndroidUiautomator2Driver session created successfully, session d757ec01-91e3-40b3-a1b6-439d317bbca7 added to master session list
[35m[HTTP][39m [37m<-- POST /wd/hub/session [39m[32m200[39m [90m9362 ms - 1158[39m
[35m[HTTP][39m [90m[39m
[35m[HTTP][39m [37m-->[39m [37mGET[39m [37m/wd/hub/session/d757ec01-91e3-40b3-a1b6-439d317bbca7[39m
[35m[HTTP][39m [90m{}[39m
[35m[HTTP][39m [37m<-- GET /wd/hub/session/d757ec01-91e3-40b3-a1b6-439d317bbca7 [39m[32m200[39m [90m16 ms - 1112[39m
[35m[HTTP][39m [90m[39m
[35m[HTTP][39m [37m-->[39m [37mGET[39m [37m/wd/hub/session/d757ec01-91e3-40b3-a1b6-439d317bbca7[39m
[35m[HTTP][39m [90m{}[39m
[35m[HTTP][39m [37m<-- GET /wd/hub/session/d757ec01-91e3-40b3-a1b6-439d317bbca7 [39m[32m200[39m [90m20 ms - 1112[39m
[35m[HTTP][39m [90m[39m
[35m[HTTP][39m [37m-->[39m [37mGET[39m [37m/wd/hub/status[39m
[35m[HTTP][39m [90m{}[39m
[35m[HTTP][39m [37m<-- GET /wd/hub/status [39m[32m200[39m [90m1 ms - 68[39m
[35m[HTTP][39m [90m[39m
[35m[HTTP][39m [37m-->[39m [37mPOST[39m [37m/wd/hub/session/d757ec01-91e3-40b3-a1b6-439d317bbca7/timeouts[39m
[35m[HTTP][39m [90m{"implicit":60000}[39m
[35m[HTTP][39m [37m<-- POST /wd/hub/session/d757ec01-91e3-40b3-a1b6-439d317bbca7/timeouts [39m[32m200[39m [90m3 ms - 14[39m
[35m[HTTP][39m [90m[39m
[35m[HTTP][39m [37m-->[39m [37mGET[39m [37m/wd/hub/session/d757ec01-91e3-40b3-a1b6-439d317bbca7/screenshot[39m
[35m[HTTP][39m [90m{}[39m
[35m[HTTP][39m [37m<-- GET /wd/hub/session/d757ec01-91e3-40b3-a1b6-439d317bbca7/screenshot [39m[32m200[39m [90m811 ms - 269048[39m
[35m[HTTP][39m [90m[39m
[35m[HTTP][39m [37m-->[39m [37mGET[39m [37m/wd/hub/session/d757ec01-91e3-40b3-a1b6-439d317bbca7/window/rect[39m
[35m[HTTP][39m [90m{}[39m
[35m[HTTP][39m [37m<-- GET /wd/hub/session/d757ec01-91e3-40b3-a1b6-439d317bbca7/window/rect [39m[32m200[39m [90m30 ms - 50[39m
[35m[HTTP][39m [90m[39m
[35m[HTTP][39m [37m-->[39m [37mGET[39m [37m/wd/hub/session/d757ec01-91e3-40b3-a1b6-439d317bbca7/appium/device/system_bars[39m
[35m[HTTP][39m [90m{}[39m
[35m[HTTP][39m [37m<-- GET /wd/hub/session/d757ec01-91e3-40b3-a1b6-439d317bbca7/appium/device/system_bars [39m[32m200[39m [90m112 ms - 145[39m
[35m[HTTP][39m [90m[39m
[35m[HTTP][39m [37m-->[39m [37mPOST[39m [37m/wd/hub/session/d757ec01-91e3-40b3-a1b6-439d317bbca7/appium/device/activate_app[39m
[35m[HTTP][39m [90m{"bundleId":"com.saucelabs.mydemoapp.rn"}[39m
[35m[HTTP][39m [37m<-- POST /wd/hub/session/d757ec01-91e3-40b3-a1b6-439d317bbca7/appium/device/activate_app [39m[32m200[39m [90m687 ms - 14[39m
[35m[HTTP][39m [90m[39m
[35m[HTTP][39m [37m-->[39m [37mGET[39m [37m/wd/hub/session/d757ec01-91e3-40b3-a1b6-439d317bbca7/source[39m
[35m[HTTP][39m [90m{}[39m
[35m[W3C (d757ec01)][39m Driver proxy active, passing request on via HTTP proxy
[35m[WD Proxy][39m Replacing sessionId a3af8007-64aa-41a5-85f1-4a46a7fb4458 with d757ec01-91e3-40b3-a1b6-439d317bbca7
[35m[HTTP][39m [37m<-- GET /wd/hub/session/d757ec01-91e3-40b3-a1b6-439d317bbca7/source [39m[32m200[39m [90m351 ms - 33390[39m
[35m[HTTP][39m [90m[39m
[35m[HTTP][39m [37m-->[39m [37mGET[39m [37m/wd/hub/session/d757ec01-91e3-40b3-a1b6-439d317bbca7/screenshot[39m
[35m[HTTP][39m [90m{}[39m
[35m[HTTP][39m [37m<-- GET /wd/hub/session/d757ec01-91e3-40b3-a1b6-439d317bbca7/screenshot [39m[32m200[39m [90m700 ms - 150734[39m
[35m[HTTP][39m [90m[39m
[35m[HTTP][39m [37m-->[39m [37mGET[39m [37m/wd/hub/session/d757ec01-91e3-40b3-a1b6-439d317bbca7/source[39m
[35m[HTTP][39m [90m{}[39m
[35m[W3C (d757ec01)][39m Driver proxy active, passing request on via HTTP proxy
[35m[WD Proxy][39m Replacing sessionId a3af8007-64aa-41a5-85f1-4a46a7fb4458 with d757ec01-91e3-40b3-a1b6-439d317bbca7
[35m[HTTP][39m [37m<-- GET /wd/hub/session/d757ec01-91e3-40b3-a1b6-439d317bbca7/source [39m[32m200[39m [90m621 ms - 53616[39m
[35m[HTTP][39m [90m[39m
[35m[HTTP][39m [37m-->[39m [37mGET[39m [37m/wd/hub/session/d757ec01-91e3-40b3-a1b6-439d317bbca7/screenshot[39m
[35m[HTTP][39m [90m{}[39m
[35m[HTTP][39m [37m<-- GET /wd/hub/session/d757ec01-91e3-40b3-a1b6-439d317bbca7/screenshot [39m[32m200[39m [90m1432 ms - 1942988[39m
[35m[HTTP][39m [90m[39m
[35m[HTTP][39m [37m-->[39m [37mPOST[39m [37m/wd/hub/session/d757ec01-91e3-40b3-a1b6-439d317bbca7/elements[39m
[35m[HTTP][39m [90m{"using":"xpath","value":"//*[@class = 'android.widget.ImageView' and (@text = '' or . = '')]"}[39m
[35m[HTTP][39m [37m<-- POST /wd/hub/session/d757ec01-91e3-40b3-a1b6-439d317bbca7/elements [39m[32m200[39m [90m977 ms - 1291[39m
[35m[HTTP][39m [90m[39m
[35m[HTTP][39m [37m-->[39m [37mPOST[39m [37m/wd/hub/session/d757ec01-91e3-40b3-a1b6-439d317bbca7/elements[39m
[35m[HTTP][39m [90m{"using":"-android uiautomator","value":"new UiSelector().className(\"android.widget.ImageView\")"}[39m
[35m[HTTP][39m [37m<-- POST /wd/hub/session/d757ec01-91e3-40b3-a1b6-439d317bbca7/elements [39m[32m200[39m [90m458 ms - 1291[39m
[35m[HTTP][39m [90m[39m
[35m[HTTP][39m [37m-->[39m [37mGET[39m [37m/wd/hub/session/d757ec01-91e3-40b3-a1b6-439d317bbca7/window/rect[39m
[35m[HTTP][39m [90m{}[39m
[35m[HTTP][39m [37m<-- GET /wd/hub/session/d757ec01-91e3-40b3-a1b6-439d317bbca7/window/rect [39m[32m200[39m [90m16 ms - 50[39m
[35m[HTTP][39m [90m[39m
[35m[HTTP][39m [37m-->[39m [37mPOST[39m [37m/wd/hub/session/d757ec01-91e3-40b3-a1b6-439d317bbca7/elements[39m
[35m[HTTP][39m [90m{"using":"xpath","value":"//hierarchy/android.widget.FrameLayout[1]/android.widget.LinearLayout[1]/android.widget.FrameLayout[1]/android.widget.LinearLayout[1]/android.widget.FrameLayout[1]/android.widget.FrameLayout[1]/android.view.ViewGroup[1]/android.view.ViewGroup[1]/android.view.ViewGroup[1]/android.view.ViewGroup[1]/android.view.ViewGroup[1]/android.view.ViewGroup[1]/android.widget.FrameLayout[1]/android.view.ViewGroup[1]/android.view.ViewGroup[1]/android.view.ViewGroup[1]/android.view.ViewGroup[1]/android.view.ViewGroup[1]/android.widget.FrameLayout[1]/android.view.ViewGroup[1]/android.view.ViewGroup[1]/android.view.ViewGroup[1]/android.view.ViewGroup[1]/android.view.ViewGroup[1]/android.view.ViewGroup[2]/android.widget.ScrollView[1]/android.view.ViewGroup[1]/android.view.ViewGroup[2]/android.view.ViewGroup[1]/android.view.ViewGroup[1]/android.widget.ImageView[1]"}[39m
[35m[HTTP][39m [37m<-- POST /wd/hub/session/d757ec01-91e3-40b3-a1b6-439d317bbca7/elements [39m[32m200[39m [90m523 ms - 139[39m
[35m[HTTP][39m [90m[39m
[35m[HTTP][39m [37m-->[39m [37mGET[39m [37m/wd/hub/session/d757ec01-91e3-40b3-a1b6-439d317bbca7/element/00000000-0000-017d-ffff-ffff00000033/location[39m
[35m[HTTP][39m [90m{}[39m
[35m[W3C (d757ec01)][39m Driver proxy active, passing request on via HTTP proxy
[35m[WD Proxy][39m Replacing sessionId a3af8007-64aa-41a5-85f1-4a46a7fb4458 with d757ec01-91e3-40b3-a1b6-439d317bbca7
[35m[HTTP][39m [37m<-- GET /wd/hub/session/d757ec01-91e3-40b3-a1b6-439d317bbca7/element/00000000-0000-017d-ffff-ffff00000033/location [39m[32m200[39m [90m27 ms - 77[39m
[35m[HTTP][39m [90m[39m
[35m[HTTP][39m [37m-->[39m [37mPOST[39m [37m/wd/hub/session/d757ec01-91e3-40b3-a1b6-439d317bbca7/element/00000000-0000-017d-ffff-ffff00000033/click[39m
[35m[HTTP][39m [90m{"id":"00000000-0000-017d-ffff-ffff00000033"}[39m
[35m[HTTP][39m [37m<-- POST /wd/hub/session/d757ec01-91e3-40b3-a1b6-439d317bbca7/element/00000000-0000-017d-ffff-ffff00000033/click [39m[32m200[39m [90m82 ms - 14[39m
[35m[HTTP][39m [90m[39m
[35m[HTTP][39m [37m-->[39m [37mGET[39m [37m/wd/hub/session/d757ec01-91e3-40b3-a1b6-439d317bbca7/source[39m
[35m[HTTP][39m [90m{}[39m
[35m[W3C (d757ec01)][39m Driver proxy active, passing request on via HTTP proxy
[35m[WD Proxy][39m Replacing sessionId a3af8007-64aa-41a5-85f1-4a46a7fb4458 with d757ec01-91e3-40b3-a1b6-439d317bbca7
[35m[HTTP][39m [37m<-- GET /wd/hub/session/d757ec01-91e3-40b3-a1b6-439d317bbca7/source [39m[32m200[39m [90m785 ms - 31982[39m
[35m[HTTP][39m [90m[39m
[35m[HTTP][39m [37m-->[39m [37mGET[39m [37m/wd/hub/session/d757ec01-91e3-40b3-a1b6-439d317bbca7/screenshot[39m
[35m[HTTP][39m [90m{}[39m
[35m[HTTP][39m [37m<-- GET /wd/hub/session/d757ec01-91e3-40b3-a1b6-439d317bbca7/screenshot [39m[32m200[39m [90m891 ms - 616948[39m
[35m[HTTP][39m [90m[39m
[35m[HTTP][39m [37m-->[39m [37mPOST[39m [37m/wd/hub/session/d757ec01-91e3-40b3-a1b6-439d317bbca7/elements[39m
[35m[HTTP][39m [90m{"using":"xpath","value":"//*[@class = 'android.widget.TextView' and (@text = 'Add To Cart' or . = 'Add To Cart')]"}[39m
[35m[HTTP][39m [37m<-- POST /wd/hub/session/d757ec01-91e3-40b3-a1b6-439d317bbca7/elements [39m[32m200[39m [90m406 ms - 139[39m
[35m[HTTP][39m [90m[39m
[35m[HTTP][39m [37m-->[39m [37mGET[39m [37m/wd/hub/session/d757ec01-91e3-40b3-a1b6-439d317bbca7/window/rect[39m
[35m[HTTP][39m [90m{}[39m
[35m[HTTP][39m [37m<-- GET /wd/hub/session/d757ec01-91e3-40b3-a1b6-439d317bbca7/window/rect [39m[32m200[39m [90m12 ms - 50[39m
[35m[HTTP][39m [90m[39m
[35m[HTTP][39m [37m-->[39m [37mPOST[39m [37m/wd/hub/session/d757ec01-91e3-40b3-a1b6-439d317bbca7/elements[39m
[35m[HTTP][39m [90m{"using":"xpath","value":"//*[@class = 'android.widget.TextView' and (@text = 'Add To Cart' or . = 'Add To Cart')]"}[39m
[35m[HTTP][39m [37m<-- POST /wd/hub/session/d757ec01-91e3-40b3-a1b6-439d317bbca7/elements [39m[32m200[39m [90m355 ms - 139[39m
[35m[HTTP][39m [90m[39m
[35m[HTTP][39m [37m-->[39m [37mGET[39m [37m/wd/hub/session/d757ec01-91e3-40b3-a1b6-439d317bbca7/element/00000000-0000-017d-ffff-ffff000000d2/location[39m
[35m[HTTP][39m [90m{}[39m
[35m[W3C (d757ec01)][39m Driver proxy active, passing request on via HTTP proxy
[35m[WD Proxy][39m Replacing sessionId a3af8007-64aa-41a5-85f1-4a46a7fb4458 with d757ec01-91e3-40b3-a1b6-439d317bbca7
[35m[HTTP][39m [37m<-- GET /wd/hub/session/d757ec01-91e3-40b3-a1b6-439d317bbca7/element/00000000-0000-017d-ffff-ffff000000d2/location [39m[32m200[39m [90m23 ms - 79[39m
[35m[HTTP][39m [90m[39m
[35m[HTTP][39m [37m-->[39m [37mPOST[39m [37m/wd/hub/session/d757ec01-91e3-40b3-a1b6-439d317bbca7/element/00000000-0000-017d-ffff-ffff000000d2/click[39m
[35m[HTTP][39m [90m{"id":"00000000-0000-017d-ffff-ffff000000d2"}[39m
[35m[HTTP][39m [37m<-- POST /wd/hub/session/d757ec01-91e3-40b3-a1b6-439d317bbca7/element/00000000-0000-017d-ffff-ffff000000d2/click [39m[32m200[39m [90m66 ms - 14[39m
[35m[HTTP][39m [90m[39m
[35m[HTTP][39m [37m-->[39m [37mGET[39m [37m/wd/hub/session/d757ec01-91e3-40b3-a1b6-439d317bbca7/source[39m
[35m[HTTP][39m [90m{}[39m
[35m[W3C (d757ec01)][39m Driver proxy active, passing request on via HTTP proxy
[35m[WD Proxy][39m Replacing sessionId a3af8007-64aa-41a5-85f1-4a46a7fb4458 with d757ec01-91e3-40b3-a1b6-439d317bbca7
[35m[HTTP][39m [37m<-- GET /wd/hub/session/d757ec01-91e3-40b3-a1b6-439d317bbca7/source [39m[32m200[39m [90m620 ms - 32413[39m
[35m[HTTP][39m [90m[39m
[35m[HTTP][39m [37m-->[39m [37mGET[39m [37m/wd/hub/session/d757ec01-91e3-40b3-a1b6-439d317bbca7/screenshot[39m
[35m[HTTP][39m [90m{}[39m
[35m[HTTP][39m [37m<-- GET /wd/hub/session/d757ec01-91e3-40b3-a1b6-439d317bbca7/screenshot [39m[32m200[39m [90m925 ms - 618294[39m
[35m[HTTP][39m [90m[39m
[35m[HTTP][39m [37m-->[39m [37mPOST[39m [37m/wd/hub/session/d757ec01-91e3-40b3-a1b6-439d317bbca7/elements[39m
[35m[HTTP][39m [90m{"using":"xpath","value":"//*[@class = 'android.view.ViewGroup' and (@text = '' or . = '')]"}[39m
[35m[HTTP][39m [37m<-- POST /wd/hub/session/d757ec01-91e3-40b3-a1b6-439d317bbca7/elements [39m[32m200[39m [90m407 ms - 5259[39m
[35m[HTTP][39m [90m[39m
[35m[HTTP][39m [37m-->[39m [37mPOST[39m [37m/wd/hub/session/d757ec01-91e3-40b3-a1b6-439d317bbca7/elements[39m
[35m[HTTP][39m [90m{"using":"accessibility id","value":"cart badge"}[39m
[35m[HTTP][39m [37m<-- POST /wd/hub/session/d757ec01-91e3-40b3-a1b6-439d317bbca7/elements [39m[32m200[39m [90m158 ms - 139[39m
[35m[HTTP][39m [90m[39m
[35m[HTTP][39m [37m-->[39m [37mGET[39m [37m/wd/hub/session/d757ec01-91e3-40b3-a1b6-439d317bbca7/window/rect[39m
[35m[HTTP][39m [90m{}[39m
[35m[HTTP][39m [37m<-- GET /wd/hub/session/d757ec01-91e3-40b3-a1b6-439d317bbca7/window/rect [39m[32m200[39m [90m18 ms - 50[39m
[35m[HTTP][39m [90m[39m
[35m[HTTP][39m [37m-->[39m [37mPOST[39m [37m/wd/hub/session/d757ec01-91e3-40b3-a1b6-439d317bbca7/elements[39m
[35m[HTTP][39m [90m{"using":"accessibility id","value":"cart badge"}[39m
[35m[HTTP][39m [37m<-- POST /wd/hub/session/d757ec01-91e3-40b3-a1b6-439d317bbca7/elements [39m[32m200[39m [90m160 ms - 139[39m
[35m[HTTP][39m [90m[39m
[35m[HTTP][39m [37m-->[39m [37mGET[39m [37m/wd/hub/session/d757ec01-91e3-40b3-a1b6-439d317bbca7/element/00000000-0000-017d-ffff-ffff000000db/location[39m
[35m[HTTP][39m [90m{}[39m
[35m[W3C (d757ec01)][39m Driver proxy active, passing request on via HTTP proxy
[35m[WD Proxy][39m Replacing sessionId a3af8007-64aa-41a5-85f1-4a46a7fb4458 with d757ec01-91e3-40b3-a1b6-439d317bbca7
[35m[HTTP][39m [37m<-- GET /wd/hub/session/d757ec01-91e3-40b3-a1b6-439d317bbca7/element/00000000-0000-017d-ffff-ffff000000db/location [39m[32m200[39m [90m27 ms - 77[39m
[35m[HTTP][39m [90m[39m
[35m[HTTP][39m [37m-->[39m [37mPOST[39m [37m/wd/hub/session/d757ec01-91e3-40b3-a1b6-439d317bbca7/element/00000000-0000-017d-ffff-ffff000000db/click[39m
[35m[HTTP][39m [90m{"id":"00000000-0000-017d-ffff-ffff000000db"}[39m
[35m[HTTP][39m [37m<-- POST /wd/hub/session/d757ec01-91e3-40b3-a1b6-439d317bbca7/element/00000000-0000-017d-ffff-ffff000000db/click [39m[32m200[39m [90m76 ms - 14[39m
[35m[HTTP][39m [90m[39m
[35m[HTTP][39m [37m-->[39m [37mGET[39m [37m/wd/hub/session/d757ec01-91e3-40b3-a1b6-439d317bbca7/source[39m
[35m[HTTP][39m [90m{}[39m
[35m[W3C (d757ec01)][39m Driver proxy active, passing request on via HTTP proxy
[35m[WD Proxy][39m Replacing sessionId a3af8007-64aa-41a5-85f1-4a46a7fb4458 with d757ec01-91e3-40b3-a1b6-439d317bbca7
[35m[HTTP][39m [37m<-- GET /wd/hub/session/d757ec01-91e3-40b3-a1b6-439d317bbca7/source [39m[32m200[39m [90m668 ms - 36145[39m
[35m[HTTP][39m [90m[39m
[35m[HTTP][39m [37m-->[39m [37mGET[39m [37m/wd/hub/session/d757ec01-91e3-40b3-a1b6-439d317bbca7/screenshot[39m
[35m[HTTP][39m [90m{}[39m
[35m[HTTP][39m [37m<-- GET /wd/hub/session/d757ec01-91e3-40b3-a1b6-439d317bbca7/screenshot [39m[32m200[39m [90m783 ms - 422600[39m
[35m[HTTP][39m [90m[39m
[35m[HTTP][39m [37m-->[39m [37mPOST[39m [37m/wd/hub/session/d757ec01-91e3-40b3-a1b6-439d317bbca7/elements[39m
[35m[HTTP][39m [90m{"using":"xpath","value":"//*[@class = 'android.widget.TextView' and (@text = 'Proceed To Checkout' or . = 'Proceed To Checkout')]"}[39m
[35m[HTTP][39m [37m<-- POST /wd/hub/session/d757ec01-91e3-40b3-a1b6-439d317bbca7/elements [39m[32m200[39m [90m400 ms - 139[39m
[35m[HTTP][39m [90m[39m
[35m[HTTP][39m [37m-->[39m [37mGET[39m [37m/wd/hub/session/d757ec01-91e3-40b3-a1b6-439d317bbca7/window/rect[39m
[35m[HTTP][39m [90m{}[39m
[35m[HTTP][39m [37m<-- GET /wd/hub/session/d757ec01-91e3-40b3-a1b6-439d317bbca7/window/rect [39m[32m200[39m [90m11 ms - 50[39m
[35m[HTTP][39m [90m[39m
[35m[HTTP][39m [37m-->[39m [37mPOST[39m [37m/wd/hub/session/d757ec01-91e3-40b3-a1b6-439d317bbca7/elements[39m
[35m[HTTP][39m [90m{"using":"xpath","value":"//*[@class = 'android.widget.TextView' and (@text = 'Proceed To Checkout' or . = 'Proceed To Checkout')]"}[39m
[35m[HTTP][39m [37m<-- POST /wd/hub/session/d757ec01-91e3-40b3-a1b6-439d317bbca7/elements [39m[32m200[39m [90m326 ms - 139[39m
[35m[HTTP][39m [90m[39m
[35m[HTTP][39m [37m-->[39m [37mGET[39m [37m/wd/hub/session/d757ec01-91e3-40b3-a1b6-439d317bbca7/element/00000000-0000-017d-ffff-ffff00000115/location[39m
[35m[HTTP][39m [90m{}[39m
[35m[W3C (d757ec01)][39m Driver proxy active, passing request on via HTTP proxy
[35m[WD Proxy][39m Replacing sessionId a3af8007-64aa-41a5-85f1-4a46a7fb4458 with d757ec01-91e3-40b3-a1b6-439d317bbca7
[35m[HTTP][39m [37m<-- GET /wd/hub/session/d757ec01-91e3-40b3-a1b6-439d317bbca7/element/00000000-0000-017d-ffff-ffff00000115/location [39m[32m200[39m [90m22 ms - 79[39m
[35m[HTTP][39m [90m[39m
[35m[HTTP][39m [37m-->[39m [37mPOST[39m [37m/wd/hub/session/d757ec01-91e3-40b3-a1b6-439d317bbca7/element/00000000-0000-017d-ffff-ffff00000115/click[39m
[35m[HTTP][39m [90m{"id":"00000000-0000-017d-ffff-ffff00000115"}[39m
[35m[HTTP][39m [37m<-- POST /wd/hub/session/d757ec01-91e3-40b3-a1b6-439d317bbca7/element/00000000-0000-017d-ffff-ffff00000115/click [39m[32m200[39m [90m64 ms - 14[39m
[35m[HTTP][39m [90m[39m
[35m[HTTP][39m [37m-->[39m [37mGET[39m [37m/wd/hub/session/d757ec01-91e3-40b3-a1b6-439d317bbca7/source[39m
[35m[HTTP][39m [90m{}[39m
[35m[W3C (d757ec01)][39m Driver proxy active, passing request on via HTTP proxy
[35m[WD Proxy][39m Replacing sessionId a3af8007-64aa-41a5-85f1-4a46a7fb4458 with d757ec01-91e3-40b3-a1b6-439d317bbca7
[35m[HTTP][39m [37m<-- GET /wd/hub/session/d757ec01-91e3-40b3-a1b6-439d317bbca7/source [39m[32m200[39m [90m830 ms - 26832[39m
[35m[HTTP][39m [90m[39m
[35m[HTTP][39m [37m-->[39m [37mGET[39m [37m/wd/hub/session/d757ec01-91e3-40b3-a1b6-439d317bbca7/screenshot[39m
[35m[HTTP][39m [90m{}[39m
[35m[HTTP][39m [37m<-- GET /wd/hub/session/d757ec01-91e3-40b3-a1b6-439d317bbca7/screenshot [39m[32m200[39m [90m683 ms - 173748[39m
[35m[HTTP][39m [90m[39m
[35m[HTTP][39m [37m-->[39m [37mGET[39m [37m/wd/hub/session/d757ec01-91e3-40b3-a1b6-439d317bbca7/source[39m
[35m[HTTP][39m [90m{}[39m
[35m[W3C (d757ec01)][39m Driver proxy active, passing request on via HTTP proxy
[35m[WD Proxy][39m Replacing sessionId a3af8007-64aa-41a5-85f1-4a46a7fb4458 with d757ec01-91e3-40b3-a1b6-439d317bbca7
[35m[HTTP][39m [37m<-- GET /wd/hub/session/d757ec01-91e3-40b3-a1b6-439d317bbca7/source [39m[32m200[39m [90m417 ms - 30422[39m
[35m[HTTP][39m [90m[39m
[35m[HTTP][39m [37m-->[39m [37mGET[39m [37m/wd/hub/session/d757ec01-91e3-40b3-a1b6-439d317bbca7/screenshot[39m
[35m[HTTP][39m [90m{}[39m
[35m[HTTP][39m [37m<-- GET /wd/hub/session/d757ec01-91e3-40b3-a1b6-439d317bbca7/screenshot [39m[32m200[39m [90m700 ms - 189630[39m
[35m[HTTP][39m [90m[39m
[35m[HTTP][39m [37m-->[39m [37mPOST[39m [37m/wd/hub/session/d757ec01-91e3-40b3-a1b6-439d317bbca7/elements[39m
[35m[HTTP][39m [90m{"using":"xpath","value":"//*[@class = 'android.widget.EditText' and (@text = 'Rebecca Winter' or . = 'Rebecca Winter')]"}[39m
[35m[HTTP][39m [37m<-- POST /wd/hub/session/d757ec01-91e3-40b3-a1b6-439d317bbca7/elements [39m[32m200[39m [90m328 ms - 139[39m
[35m[HTTP][39m [90m[39m
[35m[HTTP][39m [37m-->[39m [37mGET[39m [37m/wd/hub/session/d757ec01-91e3-40b3-a1b6-439d317bbca7/window/rect[39m
[35m[HTTP][39m [90m{}[39m
[35m[HTTP][39m [37m<-- GET /wd/hub/session/d757ec01-91e3-40b3-a1b6-439d317bbca7/window/rect [39m[32m200[39m [90m12 ms - 50[39m
[35m[HTTP][39m [90m[39m
[35m[HTTP][39m [37m-->[39m [37mPOST[39m [37m/wd/hub/session/d757ec01-91e3-40b3-a1b6-439d317bbca7/elements[39m
[35m[HTTP][39m [90m{"using":"xpath","value":"//*[@class = 'android.widget.EditText' and (@text = 'Rebecca Winter' or . = 'Rebecca Winter')]"}[39m
[35m[HTTP][39m [37m<-- POST /wd/hub/session/d757ec01-91e3-40b3-a1b6-439d317bbca7/elements [39m[32m200[39m [90m297 ms - 139[39m
[35m[HTTP][39m [90m[39m
[35m[HTTP][39m [37m-->[39m [37mGET[39m [37m/wd/hub/session/d757ec01-91e3-40b3-a1b6-439d317bbca7/element/00000000-0000-017d-ffff-ffff0000015e/location[39m
[35m[HTTP][39m [90m{}[39m
[35m[W3C (d757ec01)][39m Driver proxy active, passing request on via HTTP proxy
[35m[WD Proxy][39m Replacing sessionId a3af8007-64aa-41a5-85f1-4a46a7fb4458 with d757ec01-91e3-40b3-a1b6-439d317bbca7
[35m[HTTP][39m [37m<-- GET /wd/hub/session/d757ec01-91e3-40b3-a1b6-439d317bbca7/element/00000000-0000-017d-ffff-ffff0000015e/location [39m[32m200[39m [90m21 ms - 77[39m
[35m[HTTP][39m [90m[39m
[35m[HTTP][39m [37m-->[39m [37mPOST[39m [37m/wd/hub/session/d757ec01-91e3-40b3-a1b6-439d317bbca7/element/00000000-0000-017d-ffff-ffff0000015e/click[39m
[35m[HTTP][39m [90m{"id":"00000000-0000-017d-ffff-ffff0000015e"}[39m
[35m[HTTP][39m [37m<-- POST /wd/hub/session/d757ec01-91e3-40b3-a1b6-439d317bbca7/element/00000000-0000-017d-ffff-ffff0000015e/click [39m[32m200[39m [90m1384 ms - 14[39m
[35m[HTTP][39m [90m[39m
[35m[HTTP][39m [37m-->[39m [37mGET[39m [37m/wd/hub/session/d757ec01-91e3-40b3-a1b6-439d317bbca7/source[39m
[35m[HTTP][39m [90m{}[39m
[35m[W3C (d757ec01)][39m Driver proxy active, passing request on via HTTP proxy
[35m[WD Proxy][39m Replacing sessionId a3af8007-64aa-41a5-85f1-4a46a7fb4458 with d757ec01-91e3-40b3-a1b6-439d317bbca7
[35m[HTTP][39m [37m<-- GET /wd/hub/session/d757ec01-91e3-40b3-a1b6-439d317bbca7/source [39m[32m200[39m [90m209 ms - 24411[39m
[35m[HTTP][39m [90m[39m
[35m[HTTP][39m [37m-->[39m [37mGET[39m [37m/wd/hub/session/d757ec01-91e3-40b3-a1b6-439d317bbca7/screenshot[39m
[35m[HTTP][39m [90m{}[39m
[35m[HTTP][39m [37m<-- GET /wd/hub/session/d757ec01-91e3-40b3-a1b6-439d317bbca7/screenshot [39m[32m200[39m [90m699 ms - 221992[39m
[35m[HTTP][39m [90m[39m
[35m[HTTP][39m [37m-->[39m [37mGET[39m [37m/wd/hub/session/d757ec01-91e3-40b3-a1b6-439d317bbca7/context[39m
[35m[HTTP][39m [90m{}[39m
[35m[HTTP][39m [37m<-- GET /wd/hub/session/d757ec01-91e3-40b3-a1b6-439d317bbca7/context [39m[32m200[39m [90m1 ms - 22[39m
[35m[HTTP][39m [90m[39m
[35m[HTTP][39m [37m-->[39m [37mGET[39m [37m/wd/hub/session/d757ec01-91e3-40b3-a1b6-439d317bbca7/contexts[39m
[35m[HTTP][39m [90m{}[39m
[35m[AndroidDriver][39m Skipping the webview 'WEBVIEW_22890' at '@webview_devtools_remote_22890' since it has reported having zero pages
[35m[HTTP][39m [37m<-- GET /wd/hub/session/d757ec01-91e3-40b3-a1b6-439d317bbca7/contexts [39m[32m200[39m [90m987 ms - 24[39m
[35m[HTTP][39m [90m[39m
[35m[HTTP][39m [37m-->[39m [37mPOST[39m [37m/wd/hub/session/d757ec01-91e3-40b3-a1b6-439d317bbca7/context[39m
[35m[HTTP][39m [90m{"name":"NATIVE_APP"}[39m
[35m[HTTP][39m [37m<-- POST /wd/hub/session/d757ec01-91e3-40b3-a1b6-439d317bbca7/context [39m[32m200[39m [90m3 ms - 14[39m
[35m[HTTP][39m [90m[39m
[35m[HTTP][39m [37m-->[39m [37mPOST[39m [37m/wd/hub/session/d757ec01-91e3-40b3-a1b6-439d317bbca7/appium/device/hide_keyboard[39m
[35m[HTTP][39m [90m{}[39m
[35m[HTTP][39m [37m<-- POST /wd/hub/session/d757ec01-91e3-40b3-a1b6-439d317bbca7/appium/device/hide_keyboard [39m[32m200[39m [90m788 ms - 14[39m
[35m[HTTP][39m [90m[39m
[35m[HTTP][39m [37m-->[39m [37mPOST[39m [37m/wd/hub/session/d757ec01-91e3-40b3-a1b6-439d317bbca7/context[39m
[35m[HTTP][39m [90m{"name":"NATIVE_APP"}[39m
[35m[HTTP][39m [37m<-- POST /wd/hub/session/d757ec01-91e3-40b3-a1b6-439d317bbca7/context [39m[32m200[39m [90m2 ms - 14[39m
[35m[HTTP][39m [90m[39m
[35m[HTTP][39m [37m-->[39m [37mGET[39m [37m/wd/hub/session/d757ec01-91e3-40b3-a1b6-439d317bbca7/source[39m
[35m[HTTP][39m [90m{}[39m
[35m[W3C (d757ec01)][39m Driver proxy active, passing request on via HTTP proxy
[35m[WD Proxy][39m Replacing sessionId a3af8007-64aa-41a5-85f1-4a46a7fb4458 with d757ec01-91e3-40b3-a1b6-439d317bbca7
[35m[HTTP][39m [37m<-- GET /wd/hub/session/d757ec01-91e3-40b3-a1b6-439d317bbca7/source [39m[32m200[39m [90m313 ms - 30421[39m
[35m[HTTP][39m [90m[39m
[35m[HTTP][39m [37m-->[39m [37mGET[39m [37m/wd/hub/session/d757ec01-91e3-40b3-a1b6-439d317bbca7/screenshot[39m
[35m[HTTP][39m [90m{}[39m
[35m[HTTP][39m [37m<-- GET /wd/hub/session/d757ec01-91e3-40b3-a1b6-439d317bbca7/screenshot [39m[32m200[39m [90m731 ms - 189848[39m
[35m[HTTP][39m [90m[39m
[35m[HTTP][39m [37m-->[39m [37mPOST[39m [37m/wd/hub/session/d757ec01-91e3-40b3-a1b6-439d317bbca7/elements[39m
[35m[HTTP][39m [90m{"using":"xpath","value":"//*[@class = 'android.widget.EditText' and (@text = 'Rebecca Winter' or . = 'Rebecca Winter')]"}[39m
[35m[HTTP][39m [37m<-- POST /wd/hub/session/d757ec01-91e3-40b3-a1b6-439d317bbca7/elements [39m[32m200[39m [90m353 ms - 139[39m
[35m[HTTP][39m [90m[39m
[35m[HTTP][39m [37m-->[39m [37mGET[39m [37m/wd/hub/session/d757ec01-91e3-40b3-a1b6-439d317bbca7/window/rect[39m
[35m[HTTP][39m [90m{}[39m
[35m[HTTP][39m [37m<-- GET /wd/hub/session/d757ec01-91e3-40b3-a1b6-439d317bbca7/window/rect [39m[32m200[39m [90m14 ms - 50[39m
[35m[HTTP][39m [90m[39m
[35m[HTTP][39m [37m-->[39m [37mPOST[39m [37m/wd/hub/session/d757ec01-91e3-40b3-a1b6-439d317bbca7/elements[39m
[35m[HTTP][39m [90m{"using":"xpath","value":"//*[@class = 'android.widget.EditText' and (@text = 'Rebecca Winter' or . = 'Rebecca Winter')]"}[39m
[35m[HTTP][39m [37m<-- POST /wd/hub/session/d757ec01-91e3-40b3-a1b6-439d317bbca7/elements [39m[32m200[39m [90m299 ms - 139[39m
[35m[HTTP][39m [90m[39m
[35m[HTTP][39m [37m-->[39m [37mGET[39m [37m/wd/hub/session/d757ec01-91e3-40b3-a1b6-439d317bbca7/element/00000000-0000-017d-ffff-ffff0000015e/location[39m
[35m[HTTP][39m [90m{}[39m
[35m[W3C (d757ec01)][39m Driver proxy active, passing request on via HTTP proxy
[35m[WD Proxy][39m Replacing sessionId a3af8007-64aa-41a5-85f1-4a46a7fb4458 with d757ec01-91e3-40b3-a1b6-439d317bbca7
[35m[HTTP][39m [37m<-- GET /wd/hub/session/d757ec01-91e3-40b3-a1b6-439d317bbca7/element/00000000-0000-017d-ffff-ffff0000015e/location [39m[32m200[39m [90m27 ms - 77[39m
[35m[HTTP][39m [90m[39m
[35m[HTTP][39m [37m-->[39m [37mPOST[39m [37m/wd/hub/session/d757ec01-91e3-40b3-a1b6-439d317bbca7/element/00000000-0000-017d-ffff-ffff0000015e/clear[39m
[35m[HTTP][39m [90m{"id":"00000000-0000-017d-ffff-ffff0000015e"}[39m
[35m[HTTP][39m [37m<-- POST /wd/hub/session/d757ec01-91e3-40b3-a1b6-439d317bbca7/element/00000000-0000-017d-ffff-ffff0000015e/clear [39m[32m200[39m [90m29 ms - 14[39m
[35m[HTTP][39m [90m[39m
[35m[HTTP][39m [37m-->[39m [37mPOST[39m [37m/wd/hub/session/d757ec01-91e3-40b3-a1b6-439d317bbca7/element/00000000-0000-017d-ffff-ffff0000015e/value[39m
[35m[HTTP][39m [90m{"id":"00000000-0000-017d-ffff-ffff0000015e","text":"Rebecca Winter","value":["R","e","b","e","c","c","a"," ","W","i","n","t","e","r"]}[39m
[35m[HTTP][39m [37m<-- POST /wd/hub/session/d757ec01-91e3-40b3-a1b6-439d317bbca7/element/00000000-0000-017d-ffff-ffff0000015e/value [39m[32m200[39m [90m1082 ms - 14[39m
[35m[HTTP][39m [90m[39m
[35m[HTTP][39m [37m-->[39m [37mGET[39m [37m/wd/hub/session/d757ec01-91e3-40b3-a1b6-439d317bbca7/source[39m
[35m[HTTP][39m [90m{}[39m
[35m[W3C (d757ec01)][39m Driver proxy active, passing request on via HTTP proxy
[35m[WD Proxy][39m Replacing sessionId a3af8007-64aa-41a5-85f1-4a46a7fb4458 with d757ec01-91e3-40b3-a1b6-439d317bbca7
[35m[HTTP][39m [37m<-- GET /wd/hub/session/d757ec01-91e3-40b3-a1b6-439d317bbca7/source [39m[32m200[39m [90m352 ms - 30421[39m
[35m[HTTP][39m [90m[39m
[35m[HTTP][39m [37m-->[39m [37mGET[39m [37m/wd/hub/session/d757ec01-91e3-40b3-a1b6-439d317bbca7/screenshot[39m
[35m[HTTP][39m [90m{}[39m
[35m[HTTP][39m [37m<-- GET /wd/hub/session/d757ec01-91e3-40b3-a1b6-439d317bbca7/screenshot [39m[32m200[39m [90m715 ms - 189664[39m
[35m[HTTP][39m [90m[39m
[35m[HTTP][39m [37m-->[39m [37mPOST[39m [37m/wd/hub/session/d757ec01-91e3-40b3-a1b6-439d317bbca7/elements[39m
[35m[HTTP][39m [90m{"using":"xpath","value":"//*[@class = 'android.widget.EditText' and (@text = 'Mandorley 112' or . = 'Mandorley 112')]"}[39m
[35m[HTTP][39m [37m<-- POST /wd/hub/session/d757ec01-91e3-40b3-a1b6-439d317bbca7/elements [39m[32m200[39m [90m343 ms - 139[39m
[35m[HTTP][39m [90m[39m
[35m[HTTP][39m [37m-->[39m [37mGET[39m [37m/wd/hub/session/d757ec01-91e3-40b3-a1b6-439d317bbca7/window/rect[39m
[35m[HTTP][39m [90m{}[39m
[35m[HTTP][39m [37m<-- GET /wd/hub/session/d757ec01-91e3-40b3-a1b6-439d317bbca7/window/rect [39m[32m200[39m [90m12 ms - 50[39m
[35m[HTTP][39m [90m[39m
[35m[HTTP][39m [37m-->[39m [37mPOST[39m [37m/wd/hub/session/d757ec01-91e3-40b3-a1b6-439d317bbca7/elements[39m
[35m[HTTP][39m [90m{"using":"xpath","value":"//*[@class = 'android.widget.EditText' and (@text = 'Mandorley 112' or . = 'Mandorley 112')]"}[39m
[35m[HTTP][39m [37m<-- POST /wd/hub/session/d757ec01-91e3-40b3-a1b6-439d317bbca7/elements [39m[32m200[39m [90m340 ms - 139[39m
[35m[HTTP][39m [90m[39m
[35m[HTTP][39m [37m-->[39m [37mGET[39m [37m/wd/hub/session/d757ec01-91e3-40b3-a1b6-439d317bbca7/element/00000000-0000-017d-ffff-ffff00000161/location[39m
[35m[HTTP][39m [90m{}[39m
[35m[W3C (d757ec01)][39m Driver proxy active, passing request on via HTTP proxy
[35m[WD Proxy][39m Replacing sessionId a3af8007-64aa-41a5-85f1-4a46a7fb4458 with d757ec01-91e3-40b3-a1b6-439d317bbca7
[35m[HTTP][39m [37m<-- GET /wd/hub/session/d757ec01-91e3-40b3-a1b6-439d317bbca7/element/00000000-0000-017d-ffff-ffff00000161/location [39m[32m200[39m [90m33 ms - 77[39m
[35m[HTTP][39m [90m[39m
[35m[HTTP][39m [37m-->[39m [37mPOST[39m [37m/wd/hub/session/d757ec01-91e3-40b3-a1b6-439d317bbca7/element/00000000-0000-017d-ffff-ffff00000161/clear[39m
[35m[HTTP][39m [90m{"id":"00000000-0000-017d-ffff-ffff00000161"}[39m
[35m[HTTP][39m [37m<-- POST /wd/hub/session/d757ec01-91e3-40b3-a1b6-439d317bbca7/element/00000000-0000-017d-ffff-ffff00000161/clear [39m[32m200[39m [90m23 ms - 14[39m
[35m[HTTP][39m [90m[39m
[35m[HTTP][39m [37m-->[39m [37mPOST[39m [37m/wd/hub/session/d757ec01-91e3-40b3-a1b6-439d317bbca7/element/00000000-0000-017d-ffff-ffff00000161/value[39m
[35m[HTTP][39m [90m{"id":"00000000-0000-017d-ffff-ffff00000161","text":"Mandorley112","value":["M","a","n","d","o","r","l","e","y","1","1","2"]}[39m
[35m[HTTP][39m [37m<-- POST /wd/hub/session/d757ec01-91e3-40b3-a1b6-439d317bbca7/element/00000000-0000-017d-ffff-ffff00000161/value [39m[32m200[39m [90m1043 ms - 14[39m
[35m[HTTP][39m [90m[39m
[35m[HTTP][39m [37m-->[39m [37mGET[39m [37m/wd/hub/session/d757ec01-91e3-40b3-a1b6-439d317bbca7/source[39m
[35m[HTTP][39m [90m{}[39m
[35m[W3C (d757ec01)][39m Driver proxy active, passing request on via HTTP proxy
[35m[WD Proxy][39m Replacing sessionId a3af8007-64aa-41a5-85f1-4a46a7fb4458 with d757ec01-91e3-40b3-a1b6-439d317bbca7
[35m[HTTP][39m [37m<-- GET /wd/hub/session/d757ec01-91e3-40b3-a1b6-439d317bbca7/source [39m[32m200[39m [90m380 ms - 30420[39m
[35m[HTTP][39m [90m[39m
[35m[HTTP][39m [37m-->[39m [37mGET[39m [37m/wd/hub/session/d757ec01-91e3-40b3-a1b6-439d317bbca7/screenshot[39m
[35m[HTTP][39m [90m{}[39m
[35m[HTTP][39m [37m<-- GET /wd/hub/session/d757ec01-91e3-40b3-a1b6-439d317bbca7/screenshot [39m[32m200[39m [90m689 ms - 189692[39m
[35m[HTTP][39m [90m[39m
[35m[HTTP][39m [37m-->[39m [37mPOST[39m [37m/wd/hub/session/d757ec01-91e3-40b3-a1b6-439d317bbca7/elements[39m
[35m[HTTP][39m [90m{"using":"xpath","value":"//*[@class = 'android.widget.EditText' and (@text = 'Entrance 1' or . = 'Entrance 1')]"}[39m
[35m[HTTP][39m [37m<-- POST /wd/hub/session/d757ec01-91e3-40b3-a1b6-439d317bbca7/elements [39m[32m200[39m [90m301 ms - 139[39m
[35m[HTTP][39m [90m[39m
[35m[HTTP][39m [37m-->[39m [37mGET[39m [37m/wd/hub/session/d757ec01-91e3-40b3-a1b6-439d317bbca7/window/rect[39m
[35m[HTTP][39m [90m{}[39m
[35m[HTTP][39m [37m<-- GET /wd/hub/session/d757ec01-91e3-40b3-a1b6-439d317bbca7/window/rect [39m[32m200[39m [90m12 ms - 50[39m
[35m[HTTP][39m [90m[39m
[35m[HTTP][39m [37m-->[39m [37mPOST[39m [37m/wd/hub/session/d757ec01-91e3-40b3-a1b6-439d317bbca7/elements[39m
[35m[HTTP][39m [90m{"using":"xpath","value":"//*[@class = 'android.widget.EditText' and (@text = 'Entrance 1' or . = 'Entrance 1')]"}[39m
[35m[HTTP][39m [37m<-- POST /wd/hub/session/d757ec01-91e3-40b3-a1b6-439d317bbca7/elements [39m[32m200[39m [90m297 ms - 139[39m
[35m[HTTP][39m [90m[39m
[35m[HTTP][39m [37m-->[39m [37mGET[39m [37m/wd/hub/session/d757ec01-91e3-40b3-a1b6-439d317bbca7/element/00000000-0000-017d-ffff-ffff00000164/location[39m
[35m[HTTP][39m [90m{}[39m
[35m[W3C (d757ec01)][39m Driver proxy active, passing request on via HTTP proxy
[35m[WD Proxy][39m Replacing sessionId a3af8007-64aa-41a5-85f1-4a46a7fb4458 with d757ec01-91e3-40b3-a1b6-439d317bbca7
[35m[HTTP][39m [37m<-- GET /wd/hub/session/d757ec01-91e3-40b3-a1b6-439d317bbca7/element/00000000-0000-017d-ffff-ffff00000164/location [39m[32m200[39m [90m19 ms - 78[39m
[35m[HTTP][39m [90m[39m
[35m[HTTP][39m [37m-->[39m [37mPOST[39m [37m/wd/hub/session/d757ec01-91e3-40b3-a1b6-439d317bbca7/element/00000000-0000-017d-ffff-ffff00000164/clear[39m
[35m[HTTP][39m [90m{"id":"00000000-0000-017d-ffff-ffff00000164"}[39m
[35m[HTTP][39m [37m<-- POST /wd/hub/session/d757ec01-91e3-40b3-a1b6-439d317bbca7/element/00000000-0000-017d-ffff-ffff00000164/clear [39m[32m200[39m [90m28 ms - 14[39m
[35m[HTTP][39m [90m[39m
[35m[HTTP][39m [37m-->[39m [37mPOST[39m [37m/wd/hub/session/d757ec01-91e3-40b3-a1b6-439d317bbca7/element/00000000-0000-017d-ffff-ffff00000164/value[39m
[35m[HTTP][39m [90m{"id":"00000000-0000-017d-ffff-ffff00000164","text":"Entrance 1","value":["E","n","t","r","a","n","c","e"," ","1"]}[39m
[35m[HTTP][39m [37m<-- POST /wd/hub/session/d757ec01-91e3-40b3-a1b6-439d317bbca7/element/00000000-0000-017d-ffff-ffff00000164/value [39m[32m200[39m [90m1034 ms - 14[39m
[35m[HTTP][39m [90m[39m
[35m[HTTP][39m [37m-->[39m [37mGET[39m [37m/wd/hub/session/d757ec01-91e3-40b3-a1b6-439d317bbca7/source[39m
[35m[HTTP][39m [90m{}[39m
[35m[W3C (d757ec01)][39m Driver proxy active, passing request on via HTTP proxy
[35m[WD Proxy][39m Replacing sessionId a3af8007-64aa-41a5-85f1-4a46a7fb4458 with d757ec01-91e3-40b3-a1b6-439d317bbca7
[35m[HTTP][39m [37m<-- GET /wd/hub/session/d757ec01-91e3-40b3-a1b6-439d317bbca7/source [39m[32m200[39m [90m366 ms - 30420[39m
[35m[HTTP][39m [90m[39m
[35m[HTTP][39m [37m-->[39m [37mGET[39m [37m/wd/hub/session/d757ec01-91e3-40b3-a1b6-439d317bbca7/screenshot[39m
[35m[HTTP][39m [90m{}[39m
[35m[HTTP][39m [37m<-- GET /wd/hub/session/d757ec01-91e3-40b3-a1b6-439d317bbca7/screenshot [39m[32m200[39m [90m695 ms - 189692[39m
[35m[HTTP][39m [90m[39m
[35m[HTTP][39m [37m-->[39m [37mPOST[39m [37m/wd/hub/session/d757ec01-91e3-40b3-a1b6-439d317bbca7/elements[39m
[35m[HTTP][39m [90m{"using":"xpath","value":"//*[@class = 'android.widget.EditText' and (@text = 'Truro' or . = 'Truro')]"}[39m
[35m[HTTP][39m [37m<-- POST /wd/hub/session/d757ec01-91e3-40b3-a1b6-439d317bbca7/elements [39m[32m200[39m [90m358 ms - 139[39m
[35m[HTTP][39m [90m[39m
[35m[HTTP][39m [37m-->[39m [37mGET[39m [37m/wd/hub/session/d757ec01-91e3-40b3-a1b6-439d317bbca7/window/rect[39m
[35m[HTTP][39m [90m{}[39m
[35m[HTTP][39m [37m<-- GET /wd/hub/session/d757ec01-91e3-40b3-a1b6-439d317bbca7/window/rect [39m[32m200[39m [90m12 ms - 50[39m
[35m[HTTP][39m [90m[39m
[35m[HTTP][39m [37m-->[39m [37mPOST[39m [37m/wd/hub/session/d757ec01-91e3-40b3-a1b6-439d317bbca7/elements[39m
[35m[HTTP][39m [90m{"using":"xpath","value":"//*[@class = 'android.widget.EditText' and (@text = 'Truro' or . = 'Truro')]"}[39m
[35m[HTTP][39m [37m<-- POST /wd/hub/session/d757ec01-91e3-40b3-a1b6-439d317bbca7/elements [39m[32m200[39m [90m296 ms - 139[39m
[35m[HTTP][39m [90m[39m
[35m[HTTP][39m [37m-->[39m [37mGET[39m [37m/wd/hub/session/d757ec01-91e3-40b3-a1b6-439d317bbca7/element/00000000-0000-017d-ffff-ffff00000167/location[39m
[35m[HTTP][39m [90m{}[39m
[35m[W3C (d757ec01)][39m Driver proxy active, passing request on via HTTP proxy
[35m[WD Proxy][39m Replacing sessionId a3af8007-64aa-41a5-85f1-4a46a7fb4458 with d757ec01-91e3-40b3-a1b6-439d317bbca7
[35m[HTTP][39m [37m<-- GET /wd/hub/session/d757ec01-91e3-40b3-a1b6-439d317bbca7/element/00000000-0000-017d-ffff-ffff00000167/location [39m[32m200[39m [90m19 ms - 78[39m
[35m[HTTP][39m [90m[39m
[35m[HTTP][39m [37m-->[39m [37mPOST[39m [37m/wd/hub/session/d757ec01-91e3-40b3-a1b6-439d317bbca7/element/00000000-0000-017d-ffff-ffff00000167/clear[39m
[35m[HTTP][39m [90m{"id":"00000000-0000-017d-ffff-ffff00000167"}[39m
[35m[HTTP][39m [37m<-- POST /wd/hub/session/d757ec01-91e3-40b3-a1b6-439d317bbca7/element/00000000-0000-017d-ffff-ffff00000167/clear [39m[32m200[39m [90m27 ms - 14[39m
[35m[HTTP][39m [90m[39m
[35m[HTTP][39m [37m-->[39m [37mPOST[39m [37m/wd/hub/session/d757ec01-91e3-40b3-a1b6-439d317bbca7/element/00000000-0000-017d-ffff-ffff00000167/value[39m
[35m[HTTP][39m [90m{"id":"00000000-0000-017d-ffff-ffff00000167","text":"Truro","value":["T","r","u","r","o"]}[39m
[35m[HTTP][39m [37m<-- POST /wd/hub/session/d757ec01-91e3-40b3-a1b6-439d317bbca7/element/00000000-0000-017d-ffff-ffff00000167/value [39m[32m200[39m [90m1052 ms - 14[39m
[35m[HTTP][39m [90m[39m
[35m[HTTP][39m [37m-->[39m [37mGET[39m [37m/wd/hub/session/d757ec01-91e3-40b3-a1b6-439d317bbca7/source[39m
[35m[HTTP][39m [90m{}[39m
[35m[W3C (d757ec01)][39m Driver proxy active, passing request on via HTTP proxy
[35m[WD Proxy][39m Replacing sessionId a3af8007-64aa-41a5-85f1-4a46a7fb4458 with d757ec01-91e3-40b3-a1b6-439d317bbca7
[35m[HTTP][39m [37m<-- GET /wd/hub/session/d757ec01-91e3-40b3-a1b6-439d317bbca7/source [39m[32m200[39m [90m356 ms - 30420[39m
[35m[HTTP][39m [90m[39m
[35m[HTTP][39m [37m-->[39m [37mGET[39m [37m/wd/hub/session/d757ec01-91e3-40b3-a1b6-439d317bbca7/screenshot[39m
[35m[HTTP][39m [90m{}[39m
[35m[HTTP][39m [37m<-- GET /wd/hub/session/d757ec01-91e3-40b3-a1b6-439d317bbca7/screenshot [39m[32m200[39m [90m682 ms - 191186[39m
[35m[HTTP][39m [90m[39m
[35m[HTTP][39m [37m-->[39m [37mPOST[39m [37m/wd/hub/session/d757ec01-91e3-40b3-a1b6-439d317bbca7/elements[39m
[35m[HTTP][39m [90m{"using":"xpath","value":"//*[@class = 'android.widget.EditText' and (@text = 'Cornwall' or . = 'Cornwall')]"}[39m
[35m[HTTP][39m [37m<-- POST /wd/hub/session/d757ec01-91e3-40b3-a1b6-439d317bbca7/elements [39m[32m200[39m [90m281 ms - 139[39m
[35m[HTTP][39m [90m[39m
[35m[HTTP][39m [37m-->[39m [37mGET[39m [37m/wd/hub/session/d757ec01-91e3-40b3-a1b6-439d317bbca7/window/rect[39m
[35m[HTTP][39m [90m{}[39m
[35m[HTTP][39m [37m<-- GET /wd/hub/session/d757ec01-91e3-40b3-a1b6-439d317bbca7/window/rect [39m[32m200[39m [90m13 ms - 50[39m
[35m[HTTP][39m [90m[39m
[35m[HTTP][39m [37m-->[39m [37mPOST[39m [37m/wd/hub/session/d757ec01-91e3-40b3-a1b6-439d317bbca7/elements[39m
[35m[HTTP][39m [90m{"using":"xpath","value":"//*[@class = 'android.widget.EditText' and (@text = 'Cornwall' or . = 'Cornwall')]"}[39m
[35m[HTTP][39m [37m<-- POST /wd/hub/session/d757ec01-91e3-40b3-a1b6-439d317bbca7/elements [39m[32m200[39m [90m362 ms - 139[39m
[35m[HTTP][39m [90m[39m
[35m[HTTP][39m [37m-->[39m [37mGET[39m [37m/wd/hub/session/d757ec01-91e3-40b3-a1b6-439d317bbca7/element/00000000-0000-017d-ffff-ffff0000016a/location[39m
[35m[HTTP][39m [90m{}[39m
[35m[W3C (d757ec01)][39m Driver proxy active, passing request on via HTTP proxy
[35m[WD Proxy][39m Replacing sessionId a3af8007-64aa-41a5-85f1-4a46a7fb4458 with d757ec01-91e3-40b3-a1b6-439d317bbca7
[35m[HTTP][39m [37m<-- GET /wd/hub/session/d757ec01-91e3-40b3-a1b6-439d317bbca7/element/00000000-0000-017d-ffff-ffff0000016a/location [39m[32m200[39m [90m22 ms - 79[39m
[35m[HTTP][39m [90m[39m
[35m[HTTP][39m [37m-->[39m [37mPOST[39m [37m/wd/hub/session/d757ec01-91e3-40b3-a1b6-439d317bbca7/element/00000000-0000-017d-ffff-ffff0000016a/clear[39m
[35m[HTTP][39m [90m{"id":"00000000-0000-017d-ffff-ffff0000016a"}[39m
[35m[HTTP][39m [37m<-- POST /wd/hub/session/d757ec01-91e3-40b3-a1b6-439d317bbca7/element/00000000-0000-017d-ffff-ffff0000016a/clear [39m[32m200[39m [90m30 ms - 14[39m
[35m[HTTP][39m [90m[39m
[35m[HTTP][39m [37m-->[39m [37mPOST[39m [37m/wd/hub/session/d757ec01-91e3-40b3-a1b6-439d317bbca7/element/00000000-0000-017d-ffff-ffff0000016a/value[39m
[35m[HTTP][39m [90m{"id":"00000000-0000-017d-ffff-ffff0000016a","text":"Cornwall","value":["C","o","r","n","w","a","l","l"]}[39m
[35m[HTTP][39m [37m<-- POST /wd/hub/session/d757ec01-91e3-40b3-a1b6-439d317bbca7/element/00000000-0000-017d-ffff-ffff0000016a/value [39m[32m200[39m [90m1041 ms - 14[39m
[35m[HTTP][39m [90m[39m
[35m[HTTP][39m [37m-->[39m [37mGET[39m [37m/wd/hub/session/d757ec01-91e3-40b3-a1b6-439d317bbca7/source[39m
[35m[HTTP][39m [90m{}[39m
[35m[W3C (d757ec01)][39m Driver proxy active, passing request on via HTTP proxy
[35m[WD Proxy][39m Replacing sessionId a3af8007-64aa-41a5-85f1-4a46a7fb4458 with d757ec01-91e3-40b3-a1b6-439d317bbca7
[35m[HTTP][39m [37m<-- GET /wd/hub/session/d757ec01-91e3-40b3-a1b6-439d317bbca7/source [39m[32m200[39m [90m340 ms - 30420[39m
[35m[HTTP][39m [90m[39m
[35m[HTTP][39m [37m-->[39m [37mGET[39m [37m/wd/hub/session/d757ec01-91e3-40b3-a1b6-439d317bbca7/screenshot[39m
[35m[HTTP][39m [90m{}[39m
[35m[HTTP][39m [37m<-- GET /wd/hub/session/d757ec01-91e3-40b3-a1b6-439d317bbca7/screenshot [39m[32m200[39m [90m669 ms - 191134[39m
[35m[HTTP][39m [90m[39m
[35m[HTTP][39m [37m-->[39m [37mPOST[39m [37m/wd/hub/session/d757ec01-91e3-40b3-a1b6-439d317bbca7/elements[39m
[35m[HTTP][39m [90m{"using":"xpath","value":"//*[@class = 'android.widget.EditText' and (@text = '89750' or . = '89750')]"}[39m
[35m[HTTP][39m [37m<-- POST /wd/hub/session/d757ec01-91e3-40b3-a1b6-439d317bbca7/elements [39m[32m200[39m [90m272 ms - 139[39m
[35m[HTTP][39m [90m[39m
[35m[HTTP][39m [37m-->[39m [37mGET[39m [37m/wd/hub/session/d757ec01-91e3-40b3-a1b6-439d317bbca7/window/rect[39m
[35m[HTTP][39m [90m{}[39m
[35m[HTTP][39m [37m<-- GET /wd/hub/session/d757ec01-91e3-40b3-a1b6-439d317bbca7/window/rect [39m[32m200[39m [90m13 ms - 50[39m
[35m[HTTP][39m [90m[39m
[35m[HTTP][39m [37m-->[39m [37mPOST[39m [37m/wd/hub/session/d757ec01-91e3-40b3-a1b6-439d317bbca7/elements[39m
[35m[HTTP][39m [90m{"using":"xpath","value":"//*[@class = 'android.widget.EditText' and (@text = '89750' or . = '89750')]"}[39m
[35m[HTTP][39m [37m<-- POST /wd/hub/session/d757ec01-91e3-40b3-a1b6-439d317bbca7/elements [39m[32m200[39m [90m296 ms - 139[39m
[35m[HTTP][39m [90m[39m
[35m[HTTP][39m [37m-->[39m [37mGET[39m [37m/wd/hub/session/d757ec01-91e3-40b3-a1b6-439d317bbca7/element/00000000-0000-017d-ffff-ffff0000016d/location[39m
[35m[HTTP][39m [90m{}[39m
[35m[W3C (d757ec01)][39m Driver proxy active, passing request on via HTTP proxy
[35m[WD Proxy][39m Replacing sessionId a3af8007-64aa-41a5-85f1-4a46a7fb4458 with d757ec01-91e3-40b3-a1b6-439d317bbca7
[35m[HTTP][39m [37m<-- GET /wd/hub/session/d757ec01-91e3-40b3-a1b6-439d317bbca7/element/00000000-0000-017d-ffff-ffff0000016d/location [39m[32m200[39m [90m19 ms - 78[39m
[35m[HTTP][39m [90m[39m
[35m[HTTP][39m [37m-->[39m [37mPOST[39m [37m/wd/hub/session/d757ec01-91e3-40b3-a1b6-439d317bbca7/element/00000000-0000-017d-ffff-ffff0000016d/clear[39m
[35m[HTTP][39m [90m{"id":"00000000-0000-017d-ffff-ffff0000016d"}[39m
[35m[HTTP][39m [37m<-- POST /wd/hub/session/d757ec01-91e3-40b3-a1b6-439d317bbca7/element/00000000-0000-017d-ffff-ffff0000016d/clear [39m[32m200[39m [90m27 ms - 14[39m
[35m[HTTP][39m [90m[39m
[35m[HTTP][39m [37m-->[39m [37mPOST[39m [37m/wd/hub/session/d757ec01-91e3-40b3-a1b6-439d317bbca7/element/00000000-0000-017d-ffff-ffff0000016d/value[39m
[35m[HTTP][39m [90m{"id":"00000000-0000-017d-ffff-ffff0000016d","text":"89750","value":["8","9","7","5","0"]}[39m
[35m[HTTP][39m [37m<-- POST /wd/hub/session/d757ec01-91e3-40b3-a1b6-439d317bbca7/element/00000000-0000-017d-ffff-ffff0000016d/value [39m[32m200[39m [90m1054 ms - 14[39m
[35m[HTTP][39m [90m[39m
[35m[HTTP][39m [37m-->[39m [37mGET[39m [37m/wd/hub/session/d757ec01-91e3-40b3-a1b6-439d317bbca7/source[39m
[35m[HTTP][39m [90m{}[39m
[35m[W3C (d757ec01)][39m Driver proxy active, passing request on via HTTP proxy
[35m[WD Proxy][39m Replacing sessionId a3af8007-64aa-41a5-85f1-4a46a7fb4458 with d757ec01-91e3-40b3-a1b6-439d317bbca7
[35m[HTTP][39m [37m<-- GET /wd/hub/session/d757ec01-91e3-40b3-a1b6-439d317bbca7/source [39m[32m200[39m [90m328 ms - 30420[39m
[35m[HTTP][39m [90m[39m
[35m[HTTP][39m [37m-->[39m [37mGET[39m [37m/wd/hub/session/d757ec01-91e3-40b3-a1b6-439d317bbca7/screenshot[39m
[35m[HTTP][39m [90m{}[39m
[35m[HTTP][39m [37m<-- GET /wd/hub/session/d757ec01-91e3-40b3-a1b6-439d317bbca7/screenshot [39m[32m200[39m [90m682 ms - 191668[39m
[35m[HTTP][39m [90m[39m
[35m[HTTP][39m [37m-->[39m [37mPOST[39m [37m/wd/hub/session/d757ec01-91e3-40b3-a1b6-439d317bbca7/elements[39m
[35m[HTTP][39m [90m{"using":"xpath","value":"//*[@class = 'android.widget.EditText' and (@text = 'United Kingdom' or . = 'United Kingdom')]"}[39m
[35m[HTTP][39m [37m<-- POST /wd/hub/session/d757ec01-91e3-40b3-a1b6-439d317bbca7/elements [39m[32m200[39m [90m315 ms - 139[39m
[35m[HTTP][39m [90m[39m
[35m[HTTP][39m [37m-->[39m [37mGET[39m [37m/wd/hub/session/d757ec01-91e3-40b3-a1b6-439d317bbca7/window/rect[39m
[35m[HTTP][39m [90m{}[39m
[35m[HTTP][39m [37m<-- GET /wd/hub/session/d757ec01-91e3-40b3-a1b6-439d317bbca7/window/rect [39m[32m200[39m [90m12 ms - 50[39m
[35m[HTTP][39m [90m[39m
[35m[HTTP][39m [37m-->[39m [37mPOST[39m [37m/wd/hub/session/d757ec01-91e3-40b3-a1b6-439d317bbca7/elements[39m
[35m[HTTP][39m [90m{"using":"xpath","value":"//*[@class = 'android.widget.EditText' and (@text = 'United Kingdom' or . = 'United Kingdom')]"}[39m
[35m[HTTP][39m [37m<-- POST /wd/hub/session/d757ec01-91e3-40b3-a1b6-439d317bbca7/elements [39m[32m200[39m [90m317 ms - 139[39m
[35m[HTTP][39m [90m[39m
[35m[HTTP][39m [37m-->[39m [37mGET[39m [37m/wd/hub/session/d757ec01-91e3-40b3-a1b6-439d317bbca7/element/00000000-0000-017d-ffff-ffff00000170/location[39m
[35m[HTTP][39m [90m{}[39m
[35m[W3C (d757ec01)][39m Driver proxy active, passing request on via HTTP proxy
[35m[WD Proxy][39m Replacing sessionId a3af8007-64aa-41a5-85f1-4a46a7fb4458 with d757ec01-91e3-40b3-a1b6-439d317bbca7
[35m[HTTP][39m [37m<-- GET /wd/hub/session/d757ec01-91e3-40b3-a1b6-439d317bbca7/element/00000000-0000-017d-ffff-ffff00000170/location [39m[32m200[39m [90m19 ms - 79[39m
[35m[HTTP][39m [90m[39m
[35m[HTTP][39m [37m-->[39m [37mPOST[39m [37m/wd/hub/session/d757ec01-91e3-40b3-a1b6-439d317bbca7/element/00000000-0000-017d-ffff-ffff00000170/clear[39m
[35m[HTTP][39m [90m{"id":"00000000-0000-017d-ffff-ffff00000170"}[39m
[35m[HTTP][39m [37m<-- POST /wd/hub/session/d757ec01-91e3-40b3-a1b6-439d317bbca7/element/00000000-0000-017d-ffff-ffff00000170/clear [39m[32m200[39m [90m29 ms - 14[39m
[35m[HTTP][39m [90m[39m
[35m[HTTP][39m [37m-->[39m [37mPOST[39m [37m/wd/hub/session/d757ec01-91e3-40b3-a1b6-439d317bbca7/element/00000000-0000-017d-ffff-ffff00000170/value[39m
[35m[HTTP][39m [90m{"id":"00000000-0000-017d-ffff-ffff00000170","text":"United Kingdom","value":["U","n","i","t","e","d"," ","K","i","n","g","d","o","m"]}[39m
[35m[HTTP][39m [37m<-- POST /wd/hub/session/d757ec01-91e3-40b3-a1b6-439d317bbca7/element/00000000-0000-017d-ffff-ffff00000170/value [39m[32m200[39m [90m1038 ms - 14[39m
[35m[HTTP][39m [90m[39m
[35m[HTTP][39m [37m-->[39m [37mGET[39m [37m/wd/hub/session/d757ec01-91e3-40b3-a1b6-439d317bbca7/source[39m
[35m[HTTP][39m [90m{}[39m
[35m[W3C (d757ec01)][39m Driver proxy active, passing request on via HTTP proxy
[35m[WD Proxy][39m Replacing sessionId a3af8007-64aa-41a5-85f1-4a46a7fb4458 with d757ec01-91e3-40b3-a1b6-439d317bbca7
[35m[HTTP][39m [37m<-- GET /wd/hub/session/d757ec01-91e3-40b3-a1b6-439d317bbca7/source [39m[32m200[39m [90m371 ms - 30420[39m
[35m[HTTP][39m [90m[39m
[35m[HTTP][39m [37m-->[39m [37mGET[39m [37m/wd/hub/session/d757ec01-91e3-40b3-a1b6-439d317bbca7/screenshot[39m
[35m[HTTP][39m [90m{}[39m
[35m[HTTP][39m [37m<-- GET /wd/hub/session/d757ec01-91e3-40b3-a1b6-439d317bbca7/screenshot [39m[32m200[39m [90m680 ms - 190788[39m
[35m[HTTP][39m [90m[39m
[35m[HTTP][39m [37m-->[39m [37mPOST[39m [37m/wd/hub/session/d757ec01-91e3-40b3-a1b6-439d317bbca7/elements[39m
[35m[HTTP][39m [90m{"using":"xpath","value":"//*[@class = 'android.view.ViewGroup' and (@text = '' or . = '')]"}[39m
[35m[HTTP][39m [37m<-- POST /wd/hub/session/d757ec01-91e3-40b3-a1b6-439d317bbca7/elements [39m[32m200[39m [90m371 ms - 4491[39m
[35m[HTTP][39m [90m[39m
[35m[HTTP][39m [37m-->[39m [37mPOST[39m [37m/wd/hub/session/d757ec01-91e3-40b3-a1b6-439d317bbca7/elements[39m
[35m[HTTP][39m [90m{"using":"accessibility id","value":"To Payment button"}[39m
[35m[HTTP][39m [37m<-- POST /wd/hub/session/d757ec01-91e3-40b3-a1b6-439d317bbca7/elements [39m[32m200[39m [90m130 ms - 139[39m
[35m[HTTP][39m [90m[39m
[35m[HTTP][39m [37m-->[39m [37mGET[39m [37m/wd/hub/session/d757ec01-91e3-40b3-a1b6-439d317bbca7/window/rect[39m
[35m[HTTP][39m [90m{}[39m
[35m[HTTP][39m [37m<-- GET /wd/hub/session/d757ec01-91e3-40b3-a1b6-439d317bbca7/window/rect [39m[32m200[39m [90m12 ms - 50[39m
[35m[HTTP][39m [90m[39m
[35m[HTTP][39m [37m-->[39m [37mPOST[39m [37m/wd/hub/session/d757ec01-91e3-40b3-a1b6-439d317bbca7/elements[39m
[35m[HTTP][39m [90m{"using":"accessibility id","value":"To Payment button"}[39m
[35m[HTTP][39m [37m<-- POST /wd/hub/session/d757ec01-91e3-40b3-a1b6-439d317bbca7/elements [39m[32m200[39m [90m144 ms - 139[39m
[35m[HTTP][39m [90m[39m
[35m[HTTP][39m [37m-->[39m [37mGET[39m [37m/wd/hub/session/d757ec01-91e3-40b3-a1b6-439d317bbca7/element/00000000-0000-017d-ffff-ffff00000173/location[39m
[35m[HTTP][39m [90m{}[39m
[35m[W3C (d757ec01)][39m Driver proxy active, passing request on via HTTP proxy
[35m[WD Proxy][39m Replacing sessionId a3af8007-64aa-41a5-85f1-4a46a7fb4458 with d757ec01-91e3-40b3-a1b6-439d317bbca7
[35m[HTTP][39m [37m<-- GET /wd/hub/session/d757ec01-91e3-40b3-a1b6-439d317bbca7/element/00000000-0000-017d-ffff-ffff00000173/location [39m[32m200[39m [90m25 ms - 78[39m
[35m[HTTP][39m [90m[39m
[35m[HTTP][39m [37m-->[39m [37mPOST[39m [37m/wd/hub/session/d757ec01-91e3-40b3-a1b6-439d317bbca7/element/00000000-0000-017d-ffff-ffff00000173/click[39m
[35m[HTTP][39m [90m{"id":"00000000-0000-017d-ffff-ffff00000173"}[39m
[35m[HTTP][39m [37m<-- POST /wd/hub/session/d757ec01-91e3-40b3-a1b6-439d317bbca7/element/00000000-0000-017d-ffff-ffff00000173/click [39m[32m200[39m [90m76 ms - 14[39m
[35m[HTTP][39m [90m[39m
[35m[HTTP][39m [37m-->[39m [37mGET[39m [37m/wd/hub/session/d757ec01-91e3-40b3-a1b6-439d317bbca7/source[39m
[35m[HTTP][39m [90m{}[39m
[35m[W3C (d757ec01)][39m Driver proxy active, passing request on via HTTP proxy
[35m[WD Proxy][39m Replacing sessionId a3af8007-64aa-41a5-85f1-4a46a7fb4458 with d757ec01-91e3-40b3-a1b6-439d317bbca7
[35m[HTTP][39m [37m<-- GET /wd/hub/session/d757ec01-91e3-40b3-a1b6-439d317bbca7/source [39m[32m200[39m [90m1109 ms - 31139[39m
[35m[HTTP][39m [90m[39m
[35m[HTTP][39m [37m-->[39m [37mGET[39m [37m/wd/hub/session/d757ec01-91e3-40b3-a1b6-439d317bbca7/screenshot[39m
[35m[HTTP][39m [90m{}[39m
[35m[HTTP][39m [37m<-- GET /wd/hub/session/d757ec01-91e3-40b3-a1b6-439d317bbca7/screenshot [39m[32m200[39m [90m726 ms - 227222[39m
[35m[HTTP][39m [90m[39m
[35m[HTTP][39m [37m-->[39m [37mPOST[39m [37m/wd/hub/session/d757ec01-91e3-40b3-a1b6-439d317bbca7/elements[39m
[35m[HTTP][39m [90m{"using":"xpath","value":"//*[@class = 'android.widget.EditText' and (@text = 'Rebecca Winter' or . = 'Rebecca Winter')]"}[39m
[35m[HTTP][39m [37m<-- POST /wd/hub/session/d757ec01-91e3-40b3-a1b6-439d317bbca7/elements [39m[32m200[39m [90m259 ms - 139[39m
[35m[HTTP][39m [90m[39m
[35m[HTTP][39m [37m-->[39m [37mGET[39m [37m/wd/hub/session/d757ec01-91e3-40b3-a1b6-439d317bbca7/window/rect[39m
[35m[HTTP][39m [90m{}[39m
[35m[HTTP][39m [37m<-- GET /wd/hub/session/d757ec01-91e3-40b3-a1b6-439d317bbca7/window/rect [39m[32m200[39m [90m14 ms - 50[39m
[35m[HTTP][39m [90m[39m
[35m[HTTP][39m [37m-->[39m [37mPOST[39m [37m/wd/hub/session/d757ec01-91e3-40b3-a1b6-439d317bbca7/elements[39m
[35m[HTTP][39m [90m{"using":"xpath","value":"//*[@class = 'android.widget.EditText' and (@text = 'Rebecca Winter' or . = 'Rebecca Winter')]"}[39m
[35m[HTTP][39m [37m<-- POST /wd/hub/session/d757ec01-91e3-40b3-a1b6-439d317bbca7/elements [39m[32m200[39m [90m239 ms - 139[39m
[35m[HTTP][39m [90m[39m
[35m[HTTP][39m [37m-->[39m [37mGET[39m [37m/wd/hub/session/d757ec01-91e3-40b3-a1b6-439d317bbca7/element/00000000-0000-017d-ffff-ffff00000191/location[39m
[35m[HTTP][39m [90m{}[39m
[35m[W3C (d757ec01)][39m Driver proxy active, passing request on via HTTP proxy
[35m[WD Proxy][39m Replacing sessionId a3af8007-64aa-41a5-85f1-4a46a7fb4458 with d757ec01-91e3-40b3-a1b6-439d317bbca7
[35m[HTTP][39m [37m<-- GET /wd/hub/session/d757ec01-91e3-40b3-a1b6-439d317bbca7/element/00000000-0000-017d-ffff-ffff00000191/location [39m[32m200[39m [90m23 ms - 77[39m
[35m[HTTP][39m [90m[39m
[35m[HTTP][39m [37m-->[39m [37mPOST[39m [37m/wd/hub/session/d757ec01-91e3-40b3-a1b6-439d317bbca7/element/00000000-0000-017d-ffff-ffff00000191/clear[39m
[35m[HTTP][39m [90m{"id":"00000000-0000-017d-ffff-ffff00000191"}[39m
[35m[HTTP][39m [37m<-- POST /wd/hub/session/d757ec01-91e3-40b3-a1b6-439d317bbca7/element/00000000-0000-017d-ffff-ffff00000191/clear [39m[32m200[39m [90m32 ms - 14[39m
[35m[HTTP][39m [90m[39m
[35m[HTTP][39m [37m-->[39m [37mPOST[39m [37m/wd/hub/session/d757ec01-91e3-40b3-a1b6-439d317bbca7/element/00000000-0000-017d-ffff-ffff00000191/value[39m
[35m[HTTP][39m [90m{"id":"00000000-0000-017d-ffff-ffff00000191","text":"Rebecca Winter","value":["R","e","b","e","c","c","a"," ","W","i","n","t","e","r"]}[39m
[35m[HTTP][39m [37m<-- POST /wd/hub/session/d757ec01-91e3-40b3-a1b6-439d317bbca7/element/00000000-0000-017d-ffff-ffff00000191/value [39m[32m200[39m [90m1046 ms - 14[39m
[35m[HTTP][39m [90m[39m
[35m[HTTP][39m [37m-->[39m [37mGET[39m [37m/wd/hub/session/d757ec01-91e3-40b3-a1b6-439d317bbca7/source[39m
[35m[HTTP][39m [90m{}[39m
[35m[W3C (d757ec01)][39m Driver proxy active, passing request on via HTTP proxy
[35m[WD Proxy][39m Replacing sessionId a3af8007-64aa-41a5-85f1-4a46a7fb4458 with d757ec01-91e3-40b3-a1b6-439d317bbca7
[35m[HTTP][39m [37m<-- GET /wd/hub/session/d757ec01-91e3-40b3-a1b6-439d317bbca7/source [39m[32m200[39m [90m145 ms - 31139[39m
[35m[HTTP][39m [90m[39m
[35m[HTTP][39m [37m-->[39m [37mGET[39m [37m/wd/hub/session/d757ec01-91e3-40b3-a1b6-439d317bbca7/screenshot[39m
[35m[HTTP][39m [90m{}[39m
[35m[HTTP][39m [37m<-- GET /wd/hub/session/d757ec01-91e3-40b3-a1b6-439d317bbca7/screenshot [39m[32m200[39m [90m676 ms - 226784[39m
[35m[HTTP][39m [90m[39m
[35m[HTTP][39m [37m-->[39m [37mPOST[39m [37m/wd/hub/session/d757ec01-91e3-40b3-a1b6-439d317bbca7/elements[39m
[35m[HTTP][39m [90m{"using":"xpath","value":"//*[@class = 'android.widget.EditText' and (@text = '3258 1265 7568 789' or . = '3258 1265 7568 789')]"}[39m
[35m[HTTP][39m [37m<-- POST /wd/hub/session/d757ec01-91e3-40b3-a1b6-439d317bbca7/elements [39m[32m200[39m [90m285 ms - 139[39m
[35m[HTTP][39m [90m[39m
[35m[HTTP][39m [37m-->[39m [37mGET[39m [37m/wd/hub/session/d757ec01-91e3-40b3-a1b6-439d317bbca7/window/rect[39m
[35m[HTTP][39m [90m{}[39m
[35m[HTTP][39m [37m<-- GET /wd/hub/session/d757ec01-91e3-40b3-a1b6-439d317bbca7/window/rect [39m[32m200[39m [90m12 ms - 50[39m
[35m[HTTP][39m [90m[39m
[35m[HTTP][39m [37m-->[39m [37mPOST[39m [37m/wd/hub/session/d757ec01-91e3-40b3-a1b6-439d317bbca7/elements[39m
[35m[HTTP][39m [90m{"using":"xpath","value":"//*[@class = 'android.widget.EditText' and (@text = '3258 1265 7568 789' or . = '3258 1265 7568 789')]"}[39m
[35m[HTTP][39m [37m<-- POST /wd/hub/session/d757ec01-91e3-40b3-a1b6-439d317bbca7/elements [39m[32m200[39m [90m315 ms - 139[39m
[35m[HTTP][39m [90m[39m
[35m[HTTP][39m [37m-->[39m [37mGET[39m [37m/wd/hub/session/d757ec01-91e3-40b3-a1b6-439d317bbca7/element/00000000-0000-017d-ffff-ffff00000194/location[39m
[35m[HTTP][39m [90m{}[39m
[35m[W3C (d757ec01)][39m Driver proxy active, passing request on via HTTP proxy
[35m[WD Proxy][39m Replacing sessionId a3af8007-64aa-41a5-85f1-4a46a7fb4458 with d757ec01-91e3-40b3-a1b6-439d317bbca7
[35m[HTTP][39m [37m<-- GET /wd/hub/session/d757ec01-91e3-40b3-a1b6-439d317bbca7/element/00000000-0000-017d-ffff-ffff00000194/location [39m[32m200[39m [90m25 ms - 78[39m
[35m[HTTP][39m [90m[39m
[35m[HTTP][39m [37m-->[39m [37mPOST[39m [37m/wd/hub/session/d757ec01-91e3-40b3-a1b6-439d317bbca7/element/00000000-0000-017d-ffff-ffff00000194/clear[39m
[35m[HTTP][39m [90m{"id":"00000000-0000-017d-ffff-ffff00000194"}[39m
[35m[HTTP][39m [37m<-- POST /wd/hub/session/d757ec01-91e3-40b3-a1b6-439d317bbca7/element/00000000-0000-017d-ffff-ffff00000194/clear [39m[32m200[39m [90m24 ms - 14[39m
[35m[HTTP][39m [90m[39m
[35m[HTTP][39m [37m-->[39m [37mPOST[39m [37m/wd/hub/session/d757ec01-91e3-40b3-a1b6-439d317bbca7/element/00000000-0000-017d-ffff-ffff00000194/value[39m
[35m[HTTP][39m [90m{"id":"00000000-0000-017d-ffff-ffff00000194","text":"325812657568789","value":["3","2","5","8","1","2","6","5","7","5","6","8","7","8","9"]}[39m
[35m[HTTP][39m [37m<-- POST /wd/hub/session/d757ec01-91e3-40b3-a1b6-439d317bbca7/element/00000000-0000-017d-ffff-ffff00000194/value [39m[32m200[39m [90m1042 ms - 14[39m
[35m[HTTP][39m [90m[39m
[35m[HTTP][39m [37m-->[39m [37mGET[39m [37m/wd/hub/session/d757ec01-91e3-40b3-a1b6-439d317bbca7/source[39m
[35m[HTTP][39m [90m{}[39m
[35m[W3C (d757ec01)][39m Driver proxy active, passing request on via HTTP proxy
[35m[WD Proxy][39m Replacing sessionId a3af8007-64aa-41a5-85f1-4a46a7fb4458 with d757ec01-91e3-40b3-a1b6-439d317bbca7
[35m[HTTP][39m [37m<-- GET /wd/hub/session/d757ec01-91e3-40b3-a1b6-439d317bbca7/source [39m[32m200[39m [90m289 ms - 31139[39m
[35m[HTTP][39m [90m[39m
[35m[HTTP][39m [37m-->[39m [37mGET[39m [37m/wd/hub/session/d757ec01-91e3-40b3-a1b6-439d317bbca7/screenshot[39m
[35m[HTTP][39m [90m{}[39m
[35m[HTTP][39m [37m<-- GET /wd/hub/session/d757ec01-91e3-40b3-a1b6-439d317bbca7/screenshot [39m[32m200[39m [90m689 ms - 225190[39m
[35m[HTTP][39m [90m[39m
[35m[HTTP][39m [37m-->[39m [37mPOST[39m [37m/wd/hub/session/d757ec01-91e3-40b3-a1b6-439d317bbca7/elements[39m
[35m[HTTP][39m [90m{"using":"xpath","value":"//*[@class = 'android.widget.EditText' and (@text = '03/25' or . = '03/25')]"}[39m
[35m[HTTP][39m [37m<-- POST /wd/hub/session/d757ec01-91e3-40b3-a1b6-439d317bbca7/elements [39m[32m200[39m [90m241 ms - 139[39m
[35m[HTTP][39m [90m[39m
[35m[HTTP][39m [37m-->[39m [37mGET[39m [37m/wd/hub/session/d757ec01-91e3-40b3-a1b6-439d317bbca7/window/rect[39m
[35m[HTTP][39m [90m{}[39m
[35m[HTTP][39m [37m<-- GET /wd/hub/session/d757ec01-91e3-40b3-a1b6-439d317bbca7/window/rect [39m[32m200[39m [90m12 ms - 50[39m
[35m[HTTP][39m [90m[39m
[35m[HTTP][39m [37m-->[39m [37mPOST[39m [37m/wd/hub/session/d757ec01-91e3-40b3-a1b6-439d317bbca7/elements[39m
[35m[HTTP][39m [90m{"using":"xpath","value":"//*[@class = 'android.widget.EditText' and (@text = '03/25' or . = '03/25')]"}[39m
[35m[HTTP][39m [37m<-- POST /wd/hub/session/d757ec01-91e3-40b3-a1b6-439d317bbca7/elements [39m[32m200[39m [90m314 ms - 139[39m
[35m[HTTP][39m [90m[39m
[35m[HTTP][39m [37m-->[39m [37mGET[39m [37m/wd/hub/session/d757ec01-91e3-40b3-a1b6-439d317bbca7/element/00000000-0000-017d-ffff-ffff00000197/location[39m
[35m[HTTP][39m [90m{}[39m
[35m[W3C (d757ec01)][39m Driver proxy active, passing request on via HTTP proxy
[35m[WD Proxy][39m Replacing sessionId a3af8007-64aa-41a5-85f1-4a46a7fb4458 with d757ec01-91e3-40b3-a1b6-439d317bbca7
[35m[HTTP][39m [37m<-- GET /wd/hub/session/d757ec01-91e3-40b3-a1b6-439d317bbca7/element/00000000-0000-017d-ffff-ffff00000197/location [39m[32m200[39m [90m17 ms - 78[39m
[35m[HTTP][39m [90m[39m
[35m[HTTP][39m [37m-->[39m [37mPOST[39m [37m/wd/hub/session/d757ec01-91e3-40b3-a1b6-439d317bbca7/element/00000000-0000-017d-ffff-ffff00000197/clear[39m
[35m[HTTP][39m [90m{"id":"00000000-0000-017d-ffff-ffff00000197"}[39m
[35m[HTTP][39m [37m<-- POST /wd/hub/session/d757ec01-91e3-40b3-a1b6-439d317bbca7/element/00000000-0000-017d-ffff-ffff00000197/clear [39m[32m200[39m [90m31 ms - 14[39m
[35m[HTTP][39m [90m[39m
[35m[HTTP][39m [37m-->[39m [37mPOST[39m [37m/wd/hub/session/d757ec01-91e3-40b3-a1b6-439d317bbca7/element/00000000-0000-017d-ffff-ffff00000197/value[39m
[35m[HTTP][39m [90m{"id":"00000000-0000-017d-ffff-ffff00000197","text":"03/25","value":["0","3","/","2","5"]}[39m
[35m[HTTP][39m [37m<-- POST /wd/hub/session/d757ec01-91e3-40b3-a1b6-439d317bbca7/element/00000000-0000-017d-ffff-ffff00000197/value [39m[32m200[39m [90m1039 ms - 14[39m
[35m[HTTP][39m [90m[39m
[35m[HTTP][39m [37m-->[39m [37mGET[39m [37m/wd/hub/session/d757ec01-91e3-40b3-a1b6-439d317bbca7/source[39m
[35m[HTTP][39m [90m{}[39m
[35m[W3C (d757ec01)][39m Driver proxy active, passing request on via HTTP proxy
[35m[WD Proxy][39m Replacing sessionId a3af8007-64aa-41a5-85f1-4a46a7fb4458 with d757ec01-91e3-40b3-a1b6-439d317bbca7
[35m[HTTP][39m [37m<-- GET /wd/hub/session/d757ec01-91e3-40b3-a1b6-439d317bbca7/source [39m[32m200[39m [90m287 ms - 31139[39m
[35m[HTTP][39m [90m[39m
[35m[HTTP][39m [37m-->[39m [37mGET[39m [37m/wd/hub/session/d757ec01-91e3-40b3-a1b6-439d317bbca7/screenshot[39m
[35m[HTTP][39m [90m{}[39m
[35m[HTTP][39m [37m<-- GET /wd/hub/session/d757ec01-91e3-40b3-a1b6-439d317bbca7/screenshot [39m[32m200[39m [90m709 ms - 227876[39m
[35m[HTTP][39m [90m[39m
[35m[HTTP][39m [37m-->[39m [37mPOST[39m [37m/wd/hub/session/d757ec01-91e3-40b3-a1b6-439d317bbca7/elements[39m
[35m[HTTP][39m [90m{"using":"xpath","value":"//*[@class = 'android.widget.EditText' and (@text = '123' or . = '123')]"}[39m
[35m[HTTP][39m [37m<-- POST /wd/hub/session/d757ec01-91e3-40b3-a1b6-439d317bbca7/elements [39m[32m200[39m [90m298 ms - 139[39m
[35m[HTTP][39m [90m[39m
[35m[HTTP][39m [37m-->[39m [37mGET[39m [37m/wd/hub/session/d757ec01-91e3-40b3-a1b6-439d317bbca7/window/rect[39m
[35m[HTTP][39m [90m{}[39m
[35m[HTTP][39m [37m<-- GET /wd/hub/session/d757ec01-91e3-40b3-a1b6-439d317bbca7/window/rect [39m[32m200[39m [90m13 ms - 50[39m
[35m[HTTP][39m [90m[39m
[35m[HTTP][39m [37m-->[39m [37mPOST[39m [37m/wd/hub/session/d757ec01-91e3-40b3-a1b6-439d317bbca7/elements[39m
[35m[HTTP][39m [90m{"using":"xpath","value":"//*[@class = 'android.widget.EditText' and (@text = '123' or . = '123')]"}[39m
[35m[HTTP][39m [37m<-- POST /wd/hub/session/d757ec01-91e3-40b3-a1b6-439d317bbca7/elements [39m[32m200[39m [90m306 ms - 139[39m
[35m[HTTP][39m [90m[39m
[35m[HTTP][39m [37m-->[39m [37mGET[39m [37m/wd/hub/session/d757ec01-91e3-40b3-a1b6-439d317bbca7/element/00000000-0000-017d-ffff-ffff0000019a/location[39m
[35m[HTTP][39m [90m{}[39m
[35m[W3C (d757ec01)][39m Driver proxy active, passing request on via HTTP proxy
[35m[WD Proxy][39m Replacing sessionId a3af8007-64aa-41a5-85f1-4a46a7fb4458 with d757ec01-91e3-40b3-a1b6-439d317bbca7
[35m[HTTP][39m [37m<-- GET /wd/hub/session/d757ec01-91e3-40b3-a1b6-439d317bbca7/element/00000000-0000-017d-ffff-ffff0000019a/location [39m[32m200[39m [90m20 ms - 79[39m
[35m[HTTP][39m [90m[39m
[35m[HTTP][39m [37m-->[39m [37mPOST[39m [37m/wd/hub/session/d757ec01-91e3-40b3-a1b6-439d317bbca7/element/00000000-0000-017d-ffff-ffff0000019a/clear[39m
[35m[HTTP][39m [90m{"id":"00000000-0000-017d-ffff-ffff0000019a"}[39m
[35m[HTTP][39m [37m<-- POST /wd/hub/session/d757ec01-91e3-40b3-a1b6-439d317bbca7/element/00000000-0000-017d-ffff-ffff0000019a/clear [39m[32m200[39m [90m25 ms - 14[39m
[35m[HTTP][39m [90m[39m
[35m[HTTP][39m [37m-->[39m [37mPOST[39m [37m/wd/hub/session/d757ec01-91e3-40b3-a1b6-439d317bbca7/element/00000000-0000-017d-ffff-ffff0000019a/value[39m
[35m[HTTP][39m [90m{"id":"00000000-0000-017d-ffff-ffff0000019a","text":"123","value":["1","2","3"]}[39m
[35m[HTTP][39m [37m<-- POST /wd/hub/session/d757ec01-91e3-40b3-a1b6-439d317bbca7/element/00000000-0000-017d-ffff-ffff0000019a/value [39m[32m200[39m [90m1034 ms - 14[39m
[35m[HTTP][39m [90m[39m
[35m[HTTP][39m [37m-->[39m [37mGET[39m [37m/wd/hub/session/d757ec01-91e3-40b3-a1b6-439d317bbca7/source[39m
[35m[HTTP][39m [90m{}[39m
[35m[W3C (d757ec01)][39m Driver proxy active, passing request on via HTTP proxy
[35m[WD Proxy][39m Replacing sessionId a3af8007-64aa-41a5-85f1-4a46a7fb4458 with d757ec01-91e3-40b3-a1b6-439d317bbca7
[35m[HTTP][39m [37m<-- GET /wd/hub/session/d757ec01-91e3-40b3-a1b6-439d317bbca7/source [39m[32m200[39m [90m212 ms - 31139[39m
[35m[HTTP][39m [90m[39m
[35m[HTTP][39m [37m-->[39m [37mGET[39m [37m/wd/hub/session/d757ec01-91e3-40b3-a1b6-439d317bbca7/screenshot[39m
[35m[HTTP][39m [90m{}[39m
[35m[HTTP][39m [37m<-- GET /wd/hub/session/d757ec01-91e3-40b3-a1b6-439d317bbca7/screenshot [39m[32m200[39m [90m694 ms - 225272[39m
[35m[HTTP][39m [90m[39m
[35m[HTTP][39m [37m-->[39m [37mPOST[39m [37m/wd/hub/session/d757ec01-91e3-40b3-a1b6-439d317bbca7/elements[39m
[35m[HTTP][39m [90m{"using":"xpath","value":"//*[@class = 'android.widget.TextView' and (@text = 'Review Order' or . = 'Review Order')]"}[39m
[35m[HTTP][39m [37m<-- POST /wd/hub/session/d757ec01-91e3-40b3-a1b6-439d317bbca7/elements [39m[32m200[39m [90m371 ms - 139[39m
[35m[HTTP][39m [90m[39m
[35m[HTTP][39m [37m-->[39m [37mGET[39m [37m/wd/hub/session/d757ec01-91e3-40b3-a1b6-439d317bbca7/window/rect[39m
[35m[HTTP][39m [90m{}[39m
[35m[HTTP][39m [37m<-- GET /wd/hub/session/d757ec01-91e3-40b3-a1b6-439d317bbca7/window/rect [39m[32m200[39m [90m12 ms - 50[39m
[35m[HTTP][39m [90m[39m
[35m[HTTP][39m [37m-->[39m [37mPOST[39m [37m/wd/hub/session/d757ec01-91e3-40b3-a1b6-439d317bbca7/elements[39m
[35m[HTTP][39m [90m{"using":"xpath","value":"//*[@class = 'android.widget.TextView' and (@text = 'Review Order' or . = 'Review Order')]"}[39m
[35m[HTTP][39m [37m<-- POST /wd/hub/session/d757ec01-91e3-40b3-a1b6-439d317bbca7/elements [39m[32m200[39m [90m289 ms - 139[39m
[35m[HTTP][39m [90m[39m
[35m[HTTP][39m [37m-->[39m [37mGET[39m [37m/wd/hub/session/d757ec01-91e3-40b3-a1b6-439d317bbca7/element/00000000-0000-017d-ffff-ffff000001a4/location[39m
[35m[HTTP][39m [90m{}[39m
[35m[W3C (d757ec01)][39m Driver proxy active, passing request on via HTTP proxy
[35m[WD Proxy][39m Replacing sessionId a3af8007-64aa-41a5-85f1-4a46a7fb4458 with d757ec01-91e3-40b3-a1b6-439d317bbca7
[35m[HTTP][39m [37m<-- GET /wd/hub/session/d757ec01-91e3-40b3-a1b6-439d317bbca7/element/00000000-0000-017d-ffff-ffff000001a4/location [39m[32m200[39m [90m18 ms - 79[39m
[35m[HTTP][39m [90m[39m
[35m[HTTP][39m [37m-->[39m [37mPOST[39m [37m/wd/hub/session/d757ec01-91e3-40b3-a1b6-439d317bbca7/element/00000000-0000-017d-ffff-ffff000001a4/click[39m
[35m[HTTP][39m [90m{"id":"00000000-0000-017d-ffff-ffff000001a4"}[39m
[35m[HTTP][39m [37m<-- POST /wd/hub/session/d757ec01-91e3-40b3-a1b6-439d317bbca7/element/00000000-0000-017d-ffff-ffff000001a4/click [39m[32m200[39m [90m61 ms - 14[39m
[35m[HTTP][39m [90m[39m
[35m[HTTP][39m [37m-->[39m [37mGET[39m [37m/wd/hub/session/d757ec01-91e3-40b3-a1b6-439d317bbca7/source[39m
[35m[HTTP][39m [90m{}[39m
[35m[W3C (d757ec01)][39m Driver proxy active, passing request on via HTTP proxy
[35m[WD Proxy][39m Replacing sessionId a3af8007-64aa-41a5-85f1-4a46a7fb4458 with d757ec01-91e3-40b3-a1b6-439d317bbca7
[35m[HTTP][39m [37m<-- GET /wd/hub/session/d757ec01-91e3-40b3-a1b6-439d317bbca7/source [39m[32m200[39m [90m1167 ms - 35999[39m
[35m[HTTP][39m [90m[39m
[35m[HTTP][39m [37m-->[39m [37mGET[39m [37m/wd/hub/session/d757ec01-91e3-40b3-a1b6-439d317bbca7/screenshot[39m
[35m[HTTP][39m [90m{}[39m
[35m[HTTP][39m [37m<-- GET /wd/hub/session/d757ec01-91e3-40b3-a1b6-439d317bbca7/screenshot [39m[32m200[39m [90m832 ms - 472266[39m
[35m[HTTP][39m [90m[39m
[35m[HTTP][39m [37m-->[39m [37mPOST[39m [37m/wd/hub/session/d757ec01-91e3-40b3-a1b6-439d317bbca7/elements[39m
[35m[HTTP][39m [90m{"using":"xpath","value":"//*[@class = 'android.view.ViewGroup' and (@text = '' or . = '')]"}[39m
[35m[HTTP][39m [37m<-- POST /wd/hub/session/d757ec01-91e3-40b3-a1b6-439d317bbca7/elements [39m[32m200[39m [90m310 ms - 5003[39m
[35m[HTTP][39m [90m[39m
[35m[HTTP][39m [37m-->[39m [37mPOST[39m [37m/wd/hub/session/d757ec01-91e3-40b3-a1b6-439d317bbca7/elements[39m
[35m[HTTP][39m [90m{"using":"accessibility id","value":"Place Order button"}[39m
[35m[HTTP][39m [37m<-- POST /wd/hub/session/d757ec01-91e3-40b3-a1b6-439d317bbca7/elements [39m[32m200[39m [90m172 ms - 139[39m
[35m[HTTP][39m [90m[39m
[35m[HTTP][39m [37m-->[39m [37mGET[39m [37m/wd/hub/session/d757ec01-91e3-40b3-a1b6-439d317bbca7/window/rect[39m
[35m[HTTP][39m [90m{}[39m
[35m[HTTP][39m [37m<-- GET /wd/hub/session/d757ec01-91e3-40b3-a1b6-439d317bbca7/window/rect [39m[32m200[39m [90m16 ms - 50[39m
[35m[HTTP][39m [90m[39m
[35m[HTTP][39m [37m-->[39m [37mPOST[39m [37m/wd/hub/session/d757ec01-91e3-40b3-a1b6-439d317bbca7/elements[39m
[35m[HTTP][39m [90m{"using":"accessibility id","value":"Place Order button"}[39m
[35m[HTTP][39m [37m<-- POST /wd/hub/session/d757ec01-91e3-40b3-a1b6-439d317bbca7/elements [39m[32m200[39m [90m199 ms - 139[39m
[35m[HTTP][39m [90m[39m
[35m[HTTP][39m [37m-->[39m [37mGET[39m [37m/wd/hub/session/d757ec01-91e3-40b3-a1b6-439d317bbca7/element/00000000-0000-017d-ffff-ffff000001e7/location[39m
[35m[HTTP][39m [90m{}[39m
[35m[W3C (d757ec01)][39m Driver proxy active, passing request on via HTTP proxy
[35m[WD Proxy][39m Replacing sessionId a3af8007-64aa-41a5-85f1-4a46a7fb4458 with d757ec01-91e3-40b3-a1b6-439d317bbca7
[35m[HTTP][39m [37m<-- GET /wd/hub/session/d757ec01-91e3-40b3-a1b6-439d317bbca7/element/00000000-0000-017d-ffff-ffff000001e7/location [39m[32m200[39m [90m24 ms - 78[39m
[35m[HTTP][39m [90m[39m
[35m[HTTP][39m [37m-->[39m [37mPOST[39m [37m/wd/hub/session/d757ec01-91e3-40b3-a1b6-439d317bbca7/element/00000000-0000-017d-ffff-ffff000001e7/click[39m
[35m[HTTP][39m [90m{"id":"00000000-0000-017d-ffff-ffff000001e7"}[39m
[35m[HTTP][39m [37m<-- POST /wd/hub/session/d757ec01-91e3-40b3-a1b6-439d317bbca7/element/00000000-0000-017d-ffff-ffff000001e7/click [39m[32m200[39m [90m66 ms - 14[39m
[35m[HTTP][39m [90m[39m
[35m[HTTP][39m [37m-->[39m [37mGET[39m [37m/wd/hub/session/d757ec01-91e3-40b3-a1b6-439d317bbca7/source[39m
[35m[HTTP][39m [90m{}[39m
[35m[W3C (d757ec01)][39m Driver proxy active, passing request on via HTTP proxy
[35m[WD Proxy][39m Replacing sessionId a3af8007-64aa-41a5-85f1-4a46a7fb4458 with d757ec01-91e3-40b3-a1b6-439d317bbca7
[35m[HTTP][39m [37m<-- GET /wd/hub/session/d757ec01-91e3-40b3-a1b6-439d317bbca7/source [39m[32m200[39m [90m855 ms - 21076[39m
[35m[HTTP][39m [90m[39m
[35m[HTTP][39m [37m-->[39m [37mGET[39m [37m/wd/hub/session/d757ec01-91e3-40b3-a1b6-439d317bbca7/screenshot[39m
[35m[HTTP][39m [90m{}[39m
[35m[HTTP][39m [37m<-- GET /wd/hub/session/d757ec01-91e3-40b3-a1b6-439d317bbca7/screenshot [39m[32m200[39m [90m745 ms - 247576[39m
[35m[HTTP][39m [90m[39m
[35m[HTTP][39m [37m-->[39m [37mPOST[39m [37m/wd/hub/session/d757ec01-91e3-40b3-a1b6-439d317bbca7/elements[39m
[35m[HTTP][39m [90m{"using":"xpath","value":"//*[@class = 'android.widget.TextView' and (@text = 'Checkout Complete' or . = 'Checkout Complete')]"}[39m
[35m[HTTP][39m [37m<-- POST /wd/hub/session/d757ec01-91e3-40b3-a1b6-439d317bbca7/elements [39m[32m200[39m [90m203 ms - 139[39m
[35m[HTTP][39m [90m[39m
[35m[HTTP][39m [37m-->[39m [37mPOST[39m [37m/wd/hub/session/d757ec01-91e3-40b3-a1b6-439d317bbca7/elements[39m
[35m[HTTP][39m [90m{"using":"xpath","value":"//*[@class = 'android.widget.TextView' and (@text = 'Checkout Complete' or . = 'Checkout Complete')]"}[39m
[35m[HTTP][39m [37m<-- POST /wd/hub/session/d757ec01-91e3-40b3-a1b6-439d317bbca7/elements [39m[32m200[39m [90m167 ms - 139[39m
[35m[HTTP][39m [90m[39m
[35m[HTTP][39m [37m-->[39m [37mGET[39m [37m/wd/hub/session/d757ec01-91e3-40b3-a1b6-439d317bbca7/window/rect[39m
[35m[HTTP][39m [90m{}[39m
[35m[HTTP][39m [37m<-- GET /wd/hub/session/d757ec01-91e3-40b3-a1b6-439d317bbca7/window/rect [39m[32m200[39m [90m11 ms - 50[39m
[35m[HTTP][39m [90m[39m
[35m[HTTP][39m [37m-->[39m [37mPOST[39m [37m/wd/hub/session/d757ec01-91e3-40b3-a1b6-439d317bbca7/elements[39m
[35m[HTTP][39m [90m{"using":"xpath","value":"//*[@class = 'android.widget.TextView' and (@text = 'Checkout Complete' or . = 'Checkout Complete')]"}[39m
[35m[HTTP][39m [37m<-- POST /wd/hub/session/d757ec01-91e3-40b3-a1b6-439d317bbca7/elements [39m[32m200[39m [90m196 ms - 139[39m
[35m[HTTP][39m [90m[39m
[35m[HTTP][39m [37m-->[39m [37mGET[39m [37m/wd/hub/session/d757ec01-91e3-40b3-a1b6-439d317bbca7/element/00000000-0000-017d-ffff-ffff000001fd/location[39m
[35m[HTTP][39m [90m{}[39m
[35m[W3C (d757ec01)][39m Driver proxy active, passing request on via HTTP proxy
[35m[WD Proxy][39m Replacing sessionId a3af8007-64aa-41a5-85f1-4a46a7fb4458 with d757ec01-91e3-40b3-a1b6-439d317bbca7
[35m[HTTP][39m [37m<-- GET /wd/hub/session/d757ec01-91e3-40b3-a1b6-439d317bbca7/element/00000000-0000-017d-ffff-ffff000001fd/location [39m[32m200[39m [90m20 ms - 78[39m
[35m[HTTP][39m [90m[39m
[35m[HTTP][39m [37m-->[39m [37mGET[39m [37m/wd/hub/session/d757ec01-91e3-40b3-a1b6-439d317bbca7/element/00000000-0000-017d-ffff-ffff000001fd/text[39m
[35m[HTTP][39m [90m{}[39m
[35m[W3C (d757ec01)][39m Driver proxy active, passing request on via HTTP proxy
[35m[WD Proxy][39m Replacing sessionId a3af8007-64aa-41a5-85f1-4a46a7fb4458 with d757ec01-91e3-40b3-a1b6-439d317bbca7
[35m[HTTP][39m [37m<-- GET /wd/hub/session/d757ec01-91e3-40b3-a1b6-439d317bbca7/element/00000000-0000-017d-ffff-ffff000001fd/text [39m[32m200[39m [90m18 ms - 80[39m
[35m[HTTP][39m [90m[39m
[35m[HTTP][39m [37m-->[39m [37mGET[39m [37m/wd/hub/session/d757ec01-91e3-40b3-a1b6-439d317bbca7/source[39m
[35m[HTTP][39m [90m{}[39m
[35m[W3C (d757ec01)][39m Driver proxy active, passing request on via HTTP proxy
[35m[WD Proxy][39m Replacing sessionId a3af8007-64aa-41a5-85f1-4a46a7fb4458 with d757ec01-91e3-40b3-a1b6-439d317bbca7
[35m[HTTP][39m [37m<-- GET /wd/hub/session/d757ec01-91e3-40b3-a1b6-439d317bbca7/source [39m[32m200[39m [90m173 ms - 21076[39m
[35m[HTTP][39m [90m[39m
[35m[HTTP][39m [37m-->[39m [37mGET[39m [37m/wd/hub/session/d757ec01-91e3-40b3-a1b6-439d317bbca7/screenshot[39m
[35m[HTTP][39m [90m{}[39m
[35m[HTTP][39m [37m<-- GET /wd/hub/session/d757ec01-91e3-40b3-a1b6-439d317bbca7/screenshot [39m[32m200[39m [90m708 ms - 247580[39m
[35m[HTTP][39m [90m[39m
[35m[HTTP][39m [37m-->[39m [37mDELETE[39m [37m/wd/hub/session/d757ec01-91e3-40b3-a1b6-439d317bbca7[39m
[35m[HTTP][39m [90m{}[39m
[35m[Appium][39m Removing session d757ec01-91e3-40b3-a1b6-439d317bbca7 from our master session list
[35m[UiAutomator2][39m Restoring hidden api policy to the device default configuration
[35m[HTTP][39m [37m<-- DELETE /wd/hub/session/d757ec01-91e3-40b3-a1b6-439d317bbca7 [39m[32m200[39m [90m345 ms - 14[39m
[35m[HTTP][39m [90m[39m
